{"G:\\quanlychungcu\\backend\\db.js": {"path":"G:\\quanlychungcu\\backend\\db.js","statementMap":{"0":{"start":{"line":2,"column":0},"end":{"line":2,"column":27}},"1":{"start":{"line":3,"column":17},"end":{"line":3,"column":30}},"2":{"start":{"line":5,"column":13},"end":{"line":11,"column":2}},"3":{"start":{"line":13,"column":0},"end":{"line":16,"column":2}},"4":{"start":{"line":14,"column":29},"end":{"line":14,"column":53}},"5":{"start":{"line":15,"column":19},"end":{"line":15,"column":23}}},"fnMap":{"0":{"name":"(anonymous_0)","decl":{"start":{"line":14,"column":11},"end":{"line":14,"column":12}},"loc":{"start":{"line":14,"column":29},"end":{"line":14,"column":53}},"line":14},"1":{"name":"(anonymous_1)","decl":{"start":{"line":15,"column":13},"end":{"line":15,"column":14}},"loc":{"start":{"line":15,"column":19},"end":{"line":15,"column":23}},"line":15}},"branchMap":{},"s":{"0":6,"1":6,"2":6,"3":6,"4":1,"5":1},"f":{"0":1,"1":1},"b":{},"_coverageSchema":"1a1c01bbd47fc00a2c39e90264f33305004495a9","hash":"f3bdb6d55f61bb489a17e6cdb5e345e32bcbdb2e"}
,"G:\\quanlychungcu\\backend\\middleware\\authMiddleware.js": {"path":"G:\\quanlychungcu\\backend\\middleware\\authMiddleware.js","statementMap":{"0":{"start":{"line":1,"column":12},"end":{"line":1,"column":35}},"1":{"start":{"line":2,"column":11},"end":{"line":2,"column":27}},"2":{"start":{"line":4,"column":16},"end":{"line":52,"column":1}},"3":{"start":{"line":7,"column":4},"end":{"line":47,"column":5}},"4":{"start":{"line":8,"column":8},"end":{"line":46,"column":9}},"5":{"start":{"line":10,"column":12},"end":{"line":10,"column":60}},"6":{"start":{"line":13,"column":28},"end":{"line":13,"column":69}},"7":{"start":{"line":16,"column":27},"end":{"line":19,"column":13}},"8":{"start":{"line":21,"column":12},"end":{"line":41,"column":13}},"9":{"start":{"line":22,"column":31},"end":{"line":22,"column":45}},"10":{"start":{"line":26,"column":16},"end":{"line":28,"column":17}},"11":{"start":{"line":27,"column":20},"end":{"line":27,"column":120}},"12":{"start":{"line":33,"column":16},"end":{"line":35,"column":17}},"13":{"start":{"line":34,"column":20},"end":{"line":34,"column":115}},"14":{"start":{"line":37,"column":16},"end":{"line":37,"column":34}},"15":{"start":{"line":38,"column":16},"end":{"line":38,"column":23}},"16":{"start":{"line":40,"column":16},"end":{"line":40,"column":69}},"17":{"start":{"line":44,"column":12},"end":{"line":44,"column":67}},"18":{"start":{"line":45,"column":12},"end":{"line":45,"column":79}},"19":{"start":{"line":49,"column":4},"end":{"line":51,"column":5}},"20":{"start":{"line":50,"column":8},"end":{"line":50,"column":71}},"21":{"start":{"line":54,"column":16},"end":{"line":60,"column":1}},"22":{"start":{"line":55,"column":4},"end":{"line":59,"column":5}},"23":{"start":{"line":56,"column":8},"end":{"line":56,"column":15}},"24":{"start":{"line":58,"column":8},"end":{"line":58,"column":87}},"25":{"start":{"line":62,"column":0},"end":{"line":62,"column":38}}},"fnMap":{"0":{"name":"(anonymous_0)","decl":{"start":{"line":4,"column":16},"end":{"line":4,"column":17}},"loc":{"start":{"line":4,"column":42},"end":{"line":52,"column":1}},"line":4},"1":{"name":"(anonymous_1)","decl":{"start":{"line":54,"column":16},"end":{"line":54,"column":17}},"loc":{"start":{"line":54,"column":36},"end":{"line":60,"column":1}},"line":54}},"branchMap":{"0":{"loc":{"start":{"line":7,"column":4},"end":{"line":47,"column":5}},"type":"if","locations":[{"start":{"line":7,"column":4},"end":{"line":47,"column":5}},{"start":{},"end":{}}],"line":7},"1":{"loc":{"start":{"line":7,"column":8},"end":{"line":7,"column":83}},"type":"binary-expr","locations":[{"start":{"line":7,"column":8},"end":{"line":7,"column":33}},{"start":{"line":7,"column":37},"end":{"line":7,"column":83}}],"line":7},"2":{"loc":{"start":{"line":21,"column":12},"end":{"line":41,"column":13}},"type":"if","locations":[{"start":{"line":21,"column":12},"end":{"line":41,"column":13}},{"start":{"line":39,"column":19},"end":{"line":41,"column":13}}],"line":21},"3":{"loc":{"start":{"line":26,"column":16},"end":{"line":28,"column":17}},"type":"if","locations":[{"start":{"line":26,"column":16},"end":{"line":28,"column":17}},{"start":{},"end":{}}],"line":26},"4":{"loc":{"start":{"line":33,"column":16},"end":{"line":35,"column":17}},"type":"if","locations":[{"start":{"line":33,"column":16},"end":{"line":35,"column":17}},{"start":{},"end":{}}],"line":33},"5":{"loc":{"start":{"line":49,"column":4},"end":{"line":51,"column":5}},"type":"if","locations":[{"start":{"line":49,"column":4},"end":{"line":51,"column":5}},{"start":{},"end":{}}],"line":49},"6":{"loc":{"start":{"line":55,"column":4},"end":{"line":59,"column":5}},"type":"if","locations":[{"start":{"line":55,"column":4},"end":{"line":59,"column":5}},{"start":{"line":57,"column":11},"end":{"line":59,"column":5}}],"line":55},"7":{"loc":{"start":{"line":55,"column":8},"end":{"line":55,"column":45}},"type":"binary-expr","locations":[{"start":{"line":55,"column":8},"end":{"line":55,"column":16}},{"start":{"line":55,"column":20},"end":{"line":55,"column":45}}],"line":55}},"s":{"0":1,"1":1,"2":1,"3":6,"4":5,"5":5,"6":5,"7":4,"8":4,"9":3,"10":3,"11":1,"12":2,"13":1,"14":1,"15":1,"16":1,"17":1,"18":1,"19":4,"20":1,"21":1,"22":3,"23":1,"24":2,"25":1},"f":{"0":6,"1":3},"b":{"0":[5,1],"1":[6,5],"2":[3,1],"3":[1,2],"4":[1,1],"5":[1,3],"6":[1,2],"7":[3,2]},"_coverageSchema":"1a1c01bbd47fc00a2c39e90264f33305004495a9","hash":"6e3bfb4425f19c5288a42a1e0889f2ca6bd255fb"}
,"G:\\quanlychungcu\\backend\\routes\\admin.js": {"path":"G:\\quanlychungcu\\backend\\routes\\admin.js","statementMap":{"0":{"start":{"line":1,"column":16},"end":{"line":1,"column":34}},"1":{"start":{"line":2,"column":15},"end":{"line":2,"column":34}},"2":{"start":{"line":3,"column":29},"end":{"line":3,"column":68}},"3":{"start":{"line":4,"column":31},"end":{"line":4,"column":62}},"4":{"start":{"line":6,"column":13},"end":{"line":6,"column":39}},"5":{"start":{"line":7,"column":18},"end":{"line":7,"column":34}},"6":{"start":{"line":9,"column":15},"end":{"line":9,"column":31}},"7":{"start":{"line":11,"column":25},"end":{"line":14,"column":1}},"8":{"start":{"line":12,"column":18},"end":{"line":12,"column":88}},"9":{"start":{"line":13,"column":4},"end":{"line":13,"column":32}},"10":{"start":{"line":20,"column":0},"end":{"line":31,"column":3}},"11":{"start":{"line":21,"column":4},"end":{"line":30,"column":5}},"12":{"start":{"line":22,"column":22},"end":{"line":25,"column":9}},"13":{"start":{"line":26,"column":8},"end":{"line":26,"column":41}},"14":{"start":{"line":28,"column":8},"end":{"line":28,"column":58}},"15":{"start":{"line":29,"column":8},"end":{"line":29,"column":78}},"16":{"start":{"line":34,"column":0},"end":{"line":59,"column":3}},"17":{"start":{"line":35,"column":19},"end":{"line":35,"column":29}},"18":{"start":{"line":36,"column":25},"end":{"line":36,"column":33}},"19":{"start":{"line":38,"column":4},"end":{"line":40,"column":5}},"20":{"start":{"line":39,"column":8},"end":{"line":39,"column":74}},"21":{"start":{"line":42,"column":4},"end":{"line":58,"column":5}},"22":{"start":{"line":43,"column":23},"end":{"line":46,"column":9}},"23":{"start":{"line":48,"column":8},"end":{"line":50,"column":9}},"24":{"start":{"line":49,"column":12},"end":{"line":49,"column":72}},"25":{"start":{"line":52,"column":27},"end":{"line":52,"column":60}},"26":{"start":{"line":53,"column":8},"end":{"line":53,"column":96}},"27":{"start":{"line":56,"column":8},"end":{"line":56,"column":60}},"28":{"start":{"line":57,"column":8},"end":{"line":57,"column":80}},"29":{"start":{"line":61,"column":0},"end":{"line":232,"column":3}},"30":{"start":{"line":62,"column":19},"end":{"line":62,"column":29}},"31":{"start":{"line":63,"column":44},"end":{"line":63,"column":52}},"32":{"start":{"line":64,"column":19},"end":{"line":64,"column":39}},"33":{"start":{"line":66,"column":4},"end":{"line":231,"column":5}},"34":{"start":{"line":67,"column":8},"end":{"line":67,"column":36}},"35":{"start":{"line":69,"column":27},"end":{"line":69,"column":88}},"36":{"start":{"line":70,"column":8},"end":{"line":73,"column":9}},"37":{"start":{"line":71,"column":12},"end":{"line":71,"column":43}},"38":{"start":{"line":72,"column":12},"end":{"line":72,"column":72}},"39":{"start":{"line":74,"column":28},"end":{"line":74,"column":46}},"40":{"start":{"line":75,"column":24},"end":{"line":75,"column":40}},"41":{"start":{"line":78,"column":8},"end":{"line":81,"column":9}},"42":{"start":{"line":79,"column":12},"end":{"line":79,"column":43}},"43":{"start":{"line":80,"column":12},"end":{"line":80,"column":116}},"44":{"start":{"line":84,"column":8},"end":{"line":116,"column":9}},"45":{"start":{"line":85,"column":12},"end":{"line":85,"column":80}},"46":{"start":{"line":88,"column":35},"end":{"line":88,"column":106}},"47":{"start":{"line":89,"column":12},"end":{"line":96,"column":13}},"48":{"start":{"line":90,"column":38},"end":{"line":90,"column":63}},"49":{"start":{"line":92,"column":16},"end":{"line":92,"column":107}},"50":{"start":{"line":94,"column":16},"end":{"line":94,"column":108}},"51":{"start":{"line":95,"column":16},"end":{"line":95,"column":98}},"52":{"start":{"line":99,"column":12},"end":{"line":99,"column":99}},"53":{"start":{"line":100,"column":12},"end":{"line":100,"column":95}},"54":{"start":{"line":103,"column":12},"end":{"line":103,"column":130}},"55":{"start":{"line":106,"column":12},"end":{"line":109,"column":14}},"56":{"start":{"line":112,"column":12},"end":{"line":115,"column":14}},"57":{"start":{"line":118,"column":27},"end":{"line":118,"column":29}},"58":{"start":{"line":119,"column":28},"end":{"line":119,"column":30}},"59":{"start":{"line":120,"column":25},"end":{"line":120,"column":26}},"60":{"start":{"line":122,"column":8},"end":{"line":125,"column":9}},"61":{"start":{"line":123,"column":12},"end":{"line":123,"column":60}},"62":{"start":{"line":124,"column":12},"end":{"line":124,"column":39}},"63":{"start":{"line":126,"column":8},"end":{"line":129,"column":9}},"64":{"start":{"line":127,"column":12},"end":{"line":127,"column":55}},"65":{"start":{"line":128,"column":12},"end":{"line":128,"column":35}},"66":{"start":{"line":130,"column":8},"end":{"line":139,"column":9}},"67":{"start":{"line":131,"column":12},"end":{"line":134,"column":13}},"68":{"start":{"line":132,"column":16},"end":{"line":132,"column":47}},"69":{"start":{"line":133,"column":16},"end":{"line":133,"column":95}},"70":{"start":{"line":135,"column":25},"end":{"line":135,"column":49}},"71":{"start":{"line":136,"column":33},"end":{"line":136,"column":69}},"72":{"start":{"line":137,"column":12},"end":{"line":137,"column":64}},"73":{"start":{"line":138,"column":12},"end":{"line":138,"column":43}},"74":{"start":{"line":141,"column":8},"end":{"line":144,"column":9}},"75":{"start":{"line":142,"column":12},"end":{"line":142,"column":43}},"76":{"start":{"line":143,"column":12},"end":{"line":143,"column":117}},"77":{"start":{"line":146,"column":26},"end":{"line":146,"column":36}},"78":{"start":{"line":147,"column":8},"end":{"line":151,"column":9}},"79":{"start":{"line":148,"column":12},"end":{"line":148,"column":33}},"80":{"start":{"line":149,"column":32},"end":{"line":149,"column":113}},"81":{"start":{"line":150,"column":12},"end":{"line":150,"column":71}},"82":{"start":{"line":154,"column":24},"end":{"line":154,"column":79}},"83":{"start":{"line":156,"column":8},"end":{"line":220,"column":9}},"84":{"start":{"line":158,"column":12},"end":{"line":219,"column":13}},"85":{"start":{"line":159,"column":16},"end":{"line":159,"column":109}},"86":{"start":{"line":162,"column":34},"end":{"line":165,"column":17}},"87":{"start":{"line":167,"column":16},"end":{"line":207,"column":17}},"88":{"start":{"line":169,"column":33},"end":{"line":169,"column":50}},"89":{"start":{"line":172,"column":37},"end":{"line":172,"column":113}},"90":{"start":{"line":173,"column":38},"end":{"line":173,"column":67}},"91":{"start":{"line":174,"column":46},"end":{"line":174,"column":82}},"92":{"start":{"line":177,"column":20},"end":{"line":177,"column":126}},"93":{"start":{"line":178,"column":20},"end":{"line":178,"column":141}},"94":{"start":{"line":180,"column":20},"end":{"line":180,"column":102}},"95":{"start":{"line":183,"column":20},"end":{"line":183,"column":138}},"96":{"start":{"line":186,"column":20},"end":{"line":190,"column":21}},"97":{"start":{"line":187,"column":24},"end":{"line":187,"column":70}},"98":{"start":{"line":189,"column":24},"end":{"line":189,"column":98}},"99":{"start":{"line":193,"column":39},"end":{"line":193,"column":151}},"100":{"start":{"line":194,"column":20},"end":{"line":197,"column":22}},"101":{"start":{"line":200,"column":20},"end":{"line":200,"column":114}},"102":{"start":{"line":202,"column":36},"end":{"line":202,"column":145}},"103":{"start":{"line":203,"column":20},"end":{"line":206,"column":22}},"104":{"start":{"line":209,"column":16},"end":{"line":218,"column":17}},"105":{"start":{"line":210,"column":41},"end":{"line":210,"column":70}},"106":{"start":{"line":211,"column":36},"end":{"line":211,"column":119}},"107":{"start":{"line":212,"column":20},"end":{"line":215,"column":22}},"108":{"start":{"line":217,"column":20},"end":{"line":217,"column":86}},"109":{"start":{"line":222,"column":8},"end":{"line":222,"column":37}},"110":{"start":{"line":223,"column":8},"end":{"line":223,"column":98}},"111":{"start":{"line":226,"column":8},"end":{"line":226,"column":39}},"112":{"start":{"line":227,"column":8},"end":{"line":227,"column":53}},"113":{"start":{"line":228,"column":8},"end":{"line":228,"column":73}},"114":{"start":{"line":230,"column":8},"end":{"line":230,"column":25}},"115":{"start":{"line":234,"column":0},"end":{"line":266,"column":3}},"116":{"start":{"line":235,"column":19},"end":{"line":235,"column":29}},"117":{"start":{"line":236,"column":19},"end":{"line":236,"column":39}},"118":{"start":{"line":237,"column":4},"end":{"line":265,"column":5}},"119":{"start":{"line":238,"column":8},"end":{"line":238,"column":36}},"120":{"start":{"line":241,"column":26},"end":{"line":241,"column":100}},"121":{"start":{"line":242,"column":8},"end":{"line":245,"column":9}},"122":{"start":{"line":243,"column":12},"end":{"line":243,"column":43}},"123":{"start":{"line":244,"column":12},"end":{"line":244,"column":139}},"124":{"start":{"line":248,"column":26},"end":{"line":248,"column":112}},"125":{"start":{"line":249,"column":8},"end":{"line":252,"column":9}},"126":{"start":{"line":250,"column":12},"end":{"line":250,"column":43}},"127":{"start":{"line":251,"column":12},"end":{"line":251,"column":144}},"128":{"start":{"line":255,"column":8},"end":{"line":255,"column":68}},"129":{"start":{"line":257,"column":8},"end":{"line":257,"column":37}},"130":{"start":{"line":258,"column":8},"end":{"line":258,"column":72}},"131":{"start":{"line":260,"column":8},"end":{"line":260,"column":39}},"132":{"start":{"line":261,"column":8},"end":{"line":261,"column":53}},"133":{"start":{"line":262,"column":8},"end":{"line":262,"column":73}},"134":{"start":{"line":264,"column":8},"end":{"line":264,"column":25}},"135":{"start":{"line":272,"column":0},"end":{"line":282,"column":3}},"136":{"start":{"line":273,"column":4},"end":{"line":281,"column":5}},"137":{"start":{"line":274,"column":26},"end":{"line":276,"column":9}},"138":{"start":{"line":277,"column":8},"end":{"line":277,"column":45}},"139":{"start":{"line":279,"column":8},"end":{"line":279,"column":62}},"140":{"start":{"line":280,"column":8},"end":{"line":280,"column":82}},"141":{"start":{"line":284,"column":0},"end":{"line":292,"column":3}},"142":{"start":{"line":285,"column":4},"end":{"line":291,"column":5}},"143":{"start":{"line":286,"column":23},"end":{"line":286,"column":79}},"144":{"start":{"line":287,"column":8},"end":{"line":287,"column":42}},"145":{"start":{"line":289,"column":8},"end":{"line":289,"column":59}},"146":{"start":{"line":290,"column":8},"end":{"line":290,"column":79}},"147":{"start":{"line":294,"column":0},"end":{"line":306,"column":3}},"148":{"start":{"line":295,"column":24},"end":{"line":295,"column":34}},"149":{"start":{"line":296,"column":4},"end":{"line":305,"column":5}},"150":{"start":{"line":297,"column":22},"end":{"line":300,"column":9}},"151":{"start":{"line":301,"column":8},"end":{"line":301,"column":41}},"152":{"start":{"line":303,"column":8},"end":{"line":303,"column":64}},"153":{"start":{"line":304,"column":8},"end":{"line":304,"column":84}},"154":{"start":{"line":309,"column":0},"end":{"line":365,"column":3}},"155":{"start":{"line":310,"column":35},"end":{"line":310,"column":43}},"156":{"start":{"line":311,"column":19},"end":{"line":311,"column":39}},"157":{"start":{"line":312,"column":4},"end":{"line":364,"column":5}},"158":{"start":{"line":313,"column":8},"end":{"line":313,"column":36}},"159":{"start":{"line":314,"column":25},"end":{"line":317,"column":9}},"160":{"start":{"line":319,"column":8},"end":{"line":322,"column":9}},"161":{"start":{"line":320,"column":12},"end":{"line":320,"column":43}},"162":{"start":{"line":321,"column":12},"end":{"line":321,"column":100}},"163":{"start":{"line":325,"column":8},"end":{"line":325,"column":125}},"164":{"start":{"line":328,"column":8},"end":{"line":328,"column":121}},"165":{"start":{"line":330,"column":34},"end":{"line":330,"column":100}},"166":{"start":{"line":333,"column":8},"end":{"line":336,"column":10}},"167":{"start":{"line":339,"column":8},"end":{"line":347,"column":9}},"168":{"start":{"line":340,"column":28},"end":{"line":340,"column":101}},"169":{"start":{"line":341,"column":12},"end":{"line":344,"column":14}},"170":{"start":{"line":346,"column":12},"end":{"line":346,"column":86}},"171":{"start":{"line":350,"column":8},"end":{"line":354,"column":9}},"172":{"start":{"line":351,"column":12},"end":{"line":351,"column":65}},"173":{"start":{"line":353,"column":12},"end":{"line":353,"column":71}},"174":{"start":{"line":356,"column":8},"end":{"line":356,"column":37}},"175":{"start":{"line":357,"column":8},"end":{"line":357,"column":97}},"176":{"start":{"line":359,"column":8},"end":{"line":359,"column":39}},"177":{"start":{"line":360,"column":8},"end":{"line":360,"column":54}},"178":{"start":{"line":361,"column":8},"end":{"line":361,"column":74}},"179":{"start":{"line":363,"column":8},"end":{"line":363,"column":25}},"180":{"start":{"line":368,"column":0},"end":{"line":430,"column":3}},"181":{"start":{"line":369,"column":27},"end":{"line":369,"column":35}},"182":{"start":{"line":371,"column":4},"end":{"line":373,"column":5}},"183":{"start":{"line":372,"column":8},"end":{"line":372,"column":72}},"184":{"start":{"line":375,"column":19},"end":{"line":375,"column":39}},"185":{"start":{"line":376,"column":4},"end":{"line":429,"column":5}},"186":{"start":{"line":377,"column":8},"end":{"line":377,"column":36}},"187":{"start":{"line":380,"column":24},"end":{"line":380,"column":112}},"188":{"start":{"line":381,"column":8},"end":{"line":384,"column":9}},"189":{"start":{"line":382,"column":12},"end":{"line":382,"column":43}},"190":{"start":{"line":383,"column":12},"end":{"line":383,"column":76}},"191":{"start":{"line":386,"column":33},"end":{"line":386,"column":65}},"192":{"start":{"line":387,"column":8},"end":{"line":390,"column":9}},"193":{"start":{"line":388,"column":12},"end":{"line":388,"column":43}},"194":{"start":{"line":389,"column":12},"end":{"line":389,"column":97}},"195":{"start":{"line":392,"column":8},"end":{"line":392,"column":96}},"196":{"start":{"line":395,"column":8},"end":{"line":395,"column":125}},"197":{"start":{"line":398,"column":8},"end":{"line":398,"column":99}},"198":{"start":{"line":401,"column":8},"end":{"line":401,"column":134}},"199":{"start":{"line":404,"column":8},"end":{"line":407,"column":10}},"200":{"start":{"line":410,"column":8},"end":{"line":418,"column":9}},"201":{"start":{"line":411,"column":28},"end":{"line":411,"column":150}},"202":{"start":{"line":412,"column":12},"end":{"line":415,"column":14}},"203":{"start":{"line":417,"column":12},"end":{"line":417,"column":79}},"204":{"start":{"line":420,"column":8},"end":{"line":420,"column":37}},"205":{"start":{"line":421,"column":8},"end":{"line":421,"column":104}},"206":{"start":{"line":424,"column":8},"end":{"line":424,"column":39}},"207":{"start":{"line":425,"column":8},"end":{"line":425,"column":56}},"208":{"start":{"line":426,"column":8},"end":{"line":426,"column":76}},"209":{"start":{"line":428,"column":8},"end":{"line":428,"column":25}},"210":{"start":{"line":433,"column":0},"end":{"line":476,"column":3}},"211":{"start":{"line":434,"column":24},"end":{"line":434,"column":34}},"212":{"start":{"line":435,"column":4},"end":{"line":475,"column":5}},"213":{"start":{"line":437,"column":22},"end":{"line":461,"column":9}},"214":{"start":{"line":463,"column":31},"end":{"line":469,"column":11}},"215":{"start":{"line":463,"column":55},"end":{"line":469,"column":9}},"216":{"start":{"line":471,"column":8},"end":{"line":471,"column":45}},"217":{"start":{"line":473,"column":8},"end":{"line":473,"column":58}},"218":{"start":{"line":474,"column":8},"end":{"line":474,"column":78}},"219":{"start":{"line":482,"column":0},"end":{"line":518,"column":3}},"220":{"start":{"line":483,"column":49},"end":{"line":483,"column":57}},"221":{"start":{"line":484,"column":21},"end":{"line":484,"column":32}},"222":{"start":{"line":486,"column":4},"end":{"line":488,"column":5}},"223":{"start":{"line":487,"column":8},"end":{"line":487,"column":84}},"224":{"start":{"line":490,"column":4},"end":{"line":517,"column":5}},"225":{"start":{"line":491,"column":28},"end":{"line":494,"column":9}},"226":{"start":{"line":496,"column":28},"end":{"line":496,"column":47}},"227":{"start":{"line":498,"column":8},"end":{"line":511,"column":9}},"228":{"start":{"line":499,"column":12},"end":{"line":510,"column":13}},"229":{"start":{"line":500,"column":32},"end":{"line":500,"column":92}},"230":{"start":{"line":501,"column":31},"end":{"line":501,"column":56}},"231":{"start":{"line":503,"column":16},"end":{"line":507,"column":18}},"232":{"start":{"line":509,"column":16},"end":{"line":509,"column":90}},"233":{"start":{"line":513,"column":8},"end":{"line":513,"column":42}},"234":{"start":{"line":515,"column":8},"end":{"line":515,"column":53}},"235":{"start":{"line":516,"column":8},"end":{"line":516,"column":79}},"236":{"start":{"line":520,"column":0},"end":{"line":540,"column":3}},"237":{"start":{"line":521,"column":23},"end":{"line":521,"column":32}},"238":{"start":{"line":523,"column":24},"end":{"line":523,"column":52}},"239":{"start":{"line":524,"column":4},"end":{"line":526,"column":5}},"240":{"start":{"line":525,"column":8},"end":{"line":525,"column":52}},"241":{"start":{"line":528,"column":4},"end":{"line":539,"column":5}},"242":{"start":{"line":529,"column":21},"end":{"line":534,"column":9}},"243":{"start":{"line":535,"column":8},"end":{"line":535,"column":40}},"244":{"start":{"line":537,"column":8},"end":{"line":537,"column":53}},"245":{"start":{"line":538,"column":8},"end":{"line":538,"column":73}},"246":{"start":{"line":542,"column":0},"end":{"line":553,"column":3}},"247":{"start":{"line":543,"column":4},"end":{"line":552,"column":5}},"248":{"start":{"line":544,"column":23},"end":{"line":544,"column":87}},"249":{"start":{"line":545,"column":8},"end":{"line":547,"column":9}},"250":{"start":{"line":546,"column":12},"end":{"line":546,"column":72}},"251":{"start":{"line":548,"column":8},"end":{"line":548,"column":45}},"252":{"start":{"line":550,"column":8},"end":{"line":550,"column":58}},"253":{"start":{"line":551,"column":8},"end":{"line":551,"column":78}},"254":{"start":{"line":555,"column":0},"end":{"line":572,"column":3}},"255":{"start":{"line":556,"column":19},"end":{"line":556,"column":29}},"256":{"start":{"line":557,"column":49},"end":{"line":557,"column":57}},"257":{"start":{"line":559,"column":4},"end":{"line":571,"column":5}},"258":{"start":{"line":560,"column":28},"end":{"line":563,"column":9}},"259":{"start":{"line":564,"column":8},"end":{"line":566,"column":9}},"260":{"start":{"line":565,"column":12},"end":{"line":565,"column":72}},"261":{"start":{"line":567,"column":8},"end":{"line":567,"column":50}},"262":{"start":{"line":569,"column":8},"end":{"line":569,"column":53}},"263":{"start":{"line":570,"column":8},"end":{"line":570,"column":73}},"264":{"start":{"line":574,"column":0},"end":{"line":583,"column":3}},"265":{"start":{"line":575,"column":19},"end":{"line":575,"column":29}},"266":{"start":{"line":576,"column":4},"end":{"line":582,"column":5}},"267":{"start":{"line":577,"column":8},"end":{"line":577,"column":60}},"268":{"start":{"line":578,"column":8},"end":{"line":578,"column":72}},"269":{"start":{"line":580,"column":8},"end":{"line":580,"column":53}},"270":{"start":{"line":581,"column":8},"end":{"line":581,"column":73}},"271":{"start":{"line":589,"column":0},"end":{"line":597,"column":3}},"272":{"start":{"line":590,"column":4},"end":{"line":596,"column":5}},"273":{"start":{"line":591,"column":23},"end":{"line":591,"column":93}},"274":{"start":{"line":592,"column":8},"end":{"line":592,"column":30}},"275":{"start":{"line":594,"column":8},"end":{"line":594,"column":55}},"276":{"start":{"line":595,"column":8},"end":{"line":595,"column":77}},"277":{"start":{"line":599,"column":0},"end":{"line":625,"column":3}},"278":{"start":{"line":600,"column":26},"end":{"line":600,"column":36}},"279":{"start":{"line":601,"column":68},"end":{"line":601,"column":76}},"280":{"start":{"line":603,"column":4},"end":{"line":605,"column":5}},"281":{"start":{"line":604,"column":8},"end":{"line":604,"column":79}},"282":{"start":{"line":607,"column":4},"end":{"line":624,"column":5}},"283":{"start":{"line":608,"column":23},"end":{"line":614,"column":9}},"284":{"start":{"line":616,"column":8},"end":{"line":618,"column":9}},"285":{"start":{"line":617,"column":12},"end":{"line":617,"column":74}},"286":{"start":{"line":620,"column":8},"end":{"line":620,"column":86}},"287":{"start":{"line":622,"column":8},"end":{"line":622,"column":53}},"288":{"start":{"line":623,"column":8},"end":{"line":623,"column":75}},"289":{"start":{"line":627,"column":0},"end":{"line":627,"column":24}}},"fnMap":{"0":{"name":"(anonymous_0)","decl":{"start":{"line":11,"column":25},"end":{"line":11,"column":26}},"loc":{"start":{"line":11,"column":39},"end":{"line":14,"column":1}},"line":11},"1":{"name":"(anonymous_1)","decl":{"start":{"line":20,"column":39},"end":{"line":20,"column":40}},"loc":{"start":{"line":20,"column":59},"end":{"line":31,"column":1}},"line":20},"2":{"name":"(anonymous_2)","decl":{"start":{"line":34,"column":52},"end":{"line":34,"column":53}},"loc":{"start":{"line":34,"column":72},"end":{"line":59,"column":1}},"line":34},"3":{"name":"(anonymous_3)","decl":{"start":{"line":61,"column":43},"end":{"line":61,"column":44}},"loc":{"start":{"line":61,"column":63},"end":{"line":232,"column":1}},"line":61},"4":{"name":"(anonymous_4)","decl":{"start":{"line":234,"column":46},"end":{"line":234,"column":47}},"loc":{"start":{"line":234,"column":66},"end":{"line":266,"column":1}},"line":234},"5":{"name":"(anonymous_5)","decl":{"start":{"line":272,"column":43},"end":{"line":272,"column":44}},"loc":{"start":{"line":272,"column":63},"end":{"line":282,"column":1}},"line":272},"6":{"name":"(anonymous_6)","decl":{"start":{"line":284,"column":40},"end":{"line":284,"column":41}},"loc":{"start":{"line":284,"column":60},"end":{"line":292,"column":1}},"line":284},"7":{"name":"(anonymous_7)","decl":{"start":{"line":294,"column":65},"end":{"line":294,"column":66}},"loc":{"start":{"line":294,"column":85},"end":{"line":306,"column":1}},"line":294},"8":{"name":"(anonymous_8)","decl":{"start":{"line":309,"column":46},"end":{"line":309,"column":47}},"loc":{"start":{"line":309,"column":66},"end":{"line":365,"column":1}},"line":309},"9":{"name":"(anonymous_9)","decl":{"start":{"line":368,"column":48},"end":{"line":368,"column":49}},"loc":{"start":{"line":368,"column":68},"end":{"line":430,"column":1}},"line":368},"10":{"name":"(anonymous_10)","decl":{"start":{"line":433,"column":55},"end":{"line":433,"column":56}},"loc":{"start":{"line":433,"column":75},"end":{"line":476,"column":1}},"line":433},"11":{"name":"(anonymous_11)","decl":{"start":{"line":463,"column":46},"end":{"line":463,"column":47}},"loc":{"start":{"line":463,"column":55},"end":{"line":469,"column":9}},"line":463},"12":{"name":"(anonymous_12)","decl":{"start":{"line":482,"column":39},"end":{"line":482,"column":40}},"loc":{"start":{"line":482,"column":59},"end":{"line":518,"column":1}},"line":482},"13":{"name":"(anonymous_13)","decl":{"start":{"line":520,"column":38},"end":{"line":520,"column":39}},"loc":{"start":{"line":520,"column":58},"end":{"line":540,"column":1}},"line":520},"14":{"name":"(anonymous_14)","decl":{"start":{"line":542,"column":42},"end":{"line":542,"column":43}},"loc":{"start":{"line":542,"column":62},"end":{"line":553,"column":1}},"line":542},"15":{"name":"(anonymous_15)","decl":{"start":{"line":555,"column":42},"end":{"line":555,"column":43}},"loc":{"start":{"line":555,"column":62},"end":{"line":572,"column":1}},"line":555},"16":{"name":"(anonymous_16)","decl":{"start":{"line":574,"column":45},"end":{"line":574,"column":46}},"loc":{"start":{"line":574,"column":65},"end":{"line":583,"column":1}},"line":574},"17":{"name":"(anonymous_17)","decl":{"start":{"line":589,"column":42},"end":{"line":589,"column":43}},"loc":{"start":{"line":589,"column":62},"end":{"line":597,"column":1}},"line":589},"18":{"name":"(anonymous_18)","decl":{"start":{"line":599,"column":53},"end":{"line":599,"column":54}},"loc":{"start":{"line":599,"column":73},"end":{"line":625,"column":1}},"line":599}},"branchMap":{"0":{"loc":{"start":{"line":38,"column":4},"end":{"line":40,"column":5}},"type":"if","locations":[{"start":{"line":38,"column":4},"end":{"line":40,"column":5}},{"start":{},"end":{}}],"line":38},"1":{"loc":{"start":{"line":48,"column":8},"end":{"line":50,"column":9}},"type":"if","locations":[{"start":{"line":48,"column":8},"end":{"line":50,"column":9}},{"start":{},"end":{}}],"line":48},"2":{"loc":{"start":{"line":52,"column":27},"end":{"line":52,"column":60}},"type":"cond-expr","locations":[{"start":{"line":52,"column":38},"end":{"line":52,"column":47}},{"start":{"line":52,"column":50},"end":{"line":52,"column":60}}],"line":52},"3":{"loc":{"start":{"line":70,"column":8},"end":{"line":73,"column":9}},"type":"if","locations":[{"start":{"line":70,"column":8},"end":{"line":73,"column":9}},{"start":{},"end":{}}],"line":70},"4":{"loc":{"start":{"line":78,"column":8},"end":{"line":81,"column":9}},"type":"if","locations":[{"start":{"line":78,"column":8},"end":{"line":81,"column":9}},{"start":{},"end":{}}],"line":78},"5":{"loc":{"start":{"line":78,"column":12},"end":{"line":78,"column":59}},"type":"binary-expr","locations":[{"start":{"line":78,"column":12},"end":{"line":78,"column":31}},{"start":{"line":78,"column":35},"end":{"line":78,"column":59}}],"line":78},"6":{"loc":{"start":{"line":84,"column":8},"end":{"line":116,"column":9}},"type":"if","locations":[{"start":{"line":84,"column":8},"end":{"line":116,"column":9}},{"start":{},"end":{}}],"line":84},"7":{"loc":{"start":{"line":84,"column":12},"end":{"line":84,"column":53}},"type":"binary-expr","locations":[{"start":{"line":84,"column":12},"end":{"line":84,"column":34}},{"start":{"line":84,"column":38},"end":{"line":84,"column":53}}],"line":84},"8":{"loc":{"start":{"line":89,"column":12},"end":{"line":96,"column":13}},"type":"if","locations":[{"start":{"line":89,"column":12},"end":{"line":96,"column":13}},{"start":{},"end":{}}],"line":89},"9":{"loc":{"start":{"line":122,"column":8},"end":{"line":125,"column":9}},"type":"if","locations":[{"start":{"line":122,"column":8},"end":{"line":125,"column":9}},{"start":{},"end":{}}],"line":122},"10":{"loc":{"start":{"line":126,"column":8},"end":{"line":129,"column":9}},"type":"if","locations":[{"start":{"line":126,"column":8},"end":{"line":129,"column":9}},{"start":{},"end":{}}],"line":126},"11":{"loc":{"start":{"line":126,"column":12},"end":{"line":126,"column":55}},"type":"binary-expr","locations":[{"start":{"line":126,"column":12},"end":{"line":126,"column":16}},{"start":{"line":126,"column":20},"end":{"line":126,"column":55}}],"line":126},"12":{"loc":{"start":{"line":130,"column":8},"end":{"line":139,"column":9}},"type":"if","locations":[{"start":{"line":130,"column":8},"end":{"line":139,"column":9}},{"start":{},"end":{}}],"line":130},"13":{"loc":{"start":{"line":130,"column":12},"end":{"line":130,"column":52}},"type":"binary-expr","locations":[{"start":{"line":130,"column":12},"end":{"line":130,"column":23}},{"start":{"line":130,"column":27},"end":{"line":130,"column":52}}],"line":130},"14":{"loc":{"start":{"line":131,"column":12},"end":{"line":134,"column":13}},"type":"if","locations":[{"start":{"line":131,"column":12},"end":{"line":134,"column":13}},{"start":{},"end":{}}],"line":131},"15":{"loc":{"start":{"line":141,"column":8},"end":{"line":144,"column":9}},"type":"if","locations":[{"start":{"line":141,"column":8},"end":{"line":144,"column":9}},{"start":{},"end":{}}],"line":141},"16":{"loc":{"start":{"line":141,"column":12},"end":{"line":141,"column":55}},"type":"binary-expr","locations":[{"start":{"line":141,"column":12},"end":{"line":141,"column":35}},{"start":{"line":141,"column":39},"end":{"line":141,"column":55}}],"line":141},"17":{"loc":{"start":{"line":147,"column":8},"end":{"line":151,"column":9}},"type":"if","locations":[{"start":{"line":147,"column":8},"end":{"line":151,"column":9}},{"start":{},"end":{}}],"line":147},"18":{"loc":{"start":{"line":154,"column":24},"end":{"line":154,"column":79}},"type":"cond-expr","locations":[{"start":{"line":154,"column":48},"end":{"line":154,"column":72}},{"start":{"line":154,"column":75},"end":{"line":154,"column":79}}],"line":154},"19":{"loc":{"start":{"line":156,"column":8},"end":{"line":220,"column":9}},"type":"if","locations":[{"start":{"line":156,"column":8},"end":{"line":220,"column":9}},{"start":{},"end":{}}],"line":156},"20":{"loc":{"start":{"line":156,"column":12},"end":{"line":156,"column":60}},"type":"binary-expr","locations":[{"start":{"line":156,"column":12},"end":{"line":156,"column":34}},{"start":{"line":156,"column":38},"end":{"line":156,"column":60}}],"line":156},"21":{"loc":{"start":{"line":158,"column":12},"end":{"line":219,"column":13}},"type":"if","locations":[{"start":{"line":158,"column":12},"end":{"line":219,"column":13}},{"start":{"line":208,"column":19},"end":{"line":219,"column":13}}],"line":158},"22":{"loc":{"start":{"line":167,"column":16},"end":{"line":207,"column":17}},"type":"if","locations":[{"start":{"line":167,"column":16},"end":{"line":207,"column":17}},{"start":{"line":199,"column":23},"end":{"line":207,"column":17}}],"line":167},"23":{"loc":{"start":{"line":173,"column":38},"end":{"line":173,"column":67}},"type":"binary-expr","locations":[{"start":{"line":173,"column":38},"end":{"line":173,"column":60}},{"start":{"line":173,"column":64},"end":{"line":173,"column":67}}],"line":173},"24":{"loc":{"start":{"line":242,"column":8},"end":{"line":245,"column":9}},"type":"if","locations":[{"start":{"line":242,"column":8},"end":{"line":245,"column":9}},{"start":{},"end":{}}],"line":242},"25":{"loc":{"start":{"line":249,"column":8},"end":{"line":252,"column":9}},"type":"if","locations":[{"start":{"line":249,"column":8},"end":{"line":252,"column":9}},{"start":{},"end":{}}],"line":249},"26":{"loc":{"start":{"line":319,"column":8},"end":{"line":322,"column":9}},"type":"if","locations":[{"start":{"line":319,"column":8},"end":{"line":322,"column":9}},{"start":{},"end":{}}],"line":319},"27":{"loc":{"start":{"line":371,"column":4},"end":{"line":373,"column":5}},"type":"if","locations":[{"start":{"line":371,"column":4},"end":{"line":373,"column":5}},{"start":{},"end":{}}],"line":371},"28":{"loc":{"start":{"line":381,"column":8},"end":{"line":384,"column":9}},"type":"if","locations":[{"start":{"line":381,"column":8},"end":{"line":384,"column":9}},{"start":{},"end":{}}],"line":381},"29":{"loc":{"start":{"line":387,"column":8},"end":{"line":390,"column":9}},"type":"if","locations":[{"start":{"line":387,"column":8},"end":{"line":390,"column":9}},{"start":{},"end":{}}],"line":387},"30":{"loc":{"start":{"line":465,"column":32},"end":{"line":465,"column":51}},"type":"binary-expr","locations":[{"start":{"line":465,"column":32},"end":{"line":465,"column":46}},{"start":{"line":465,"column":50},"end":{"line":465,"column":51}}],"line":465},"31":{"loc":{"start":{"line":466,"column":38},"end":{"line":466,"column":63}},"type":"binary-expr","locations":[{"start":{"line":466,"column":38},"end":{"line":466,"column":58}},{"start":{"line":466,"column":62},"end":{"line":466,"column":63}}],"line":466},"32":{"loc":{"start":{"line":467,"column":36},"end":{"line":467,"column":59}},"type":"binary-expr","locations":[{"start":{"line":467,"column":36},"end":{"line":467,"column":54}},{"start":{"line":467,"column":58},"end":{"line":467,"column":59}}],"line":467},"33":{"loc":{"start":{"line":468,"column":41},"end":{"line":468,"column":69}},"type":"binary-expr","locations":[{"start":{"line":468,"column":41},"end":{"line":468,"column":64}},{"start":{"line":468,"column":68},"end":{"line":468,"column":69}}],"line":468},"34":{"loc":{"start":{"line":486,"column":4},"end":{"line":488,"column":5}},"type":"if","locations":[{"start":{"line":486,"column":4},"end":{"line":488,"column":5}},{"start":{},"end":{}}],"line":486},"35":{"loc":{"start":{"line":486,"column":8},"end":{"line":486,"column":26}},"type":"binary-expr","locations":[{"start":{"line":486,"column":8},"end":{"line":486,"column":14}},{"start":{"line":486,"column":18},"end":{"line":486,"column":26}}],"line":486},"36":{"loc":{"start":{"line":493,"column":29},"end":{"line":493,"column":45}},"type":"binary-expr","locations":[{"start":{"line":493,"column":29},"end":{"line":493,"column":37}},{"start":{"line":493,"column":41},"end":{"line":493,"column":45}}],"line":493},"37":{"loc":{"start":{"line":493,"column":57},"end":{"line":493,"column":75}},"type":"binary-expr","locations":[{"start":{"line":493,"column":57},"end":{"line":493,"column":63}},{"start":{"line":493,"column":67},"end":{"line":493,"column":75}}],"line":493},"38":{"loc":{"start":{"line":498,"column":8},"end":{"line":511,"column":9}},"type":"if","locations":[{"start":{"line":498,"column":8},"end":{"line":511,"column":9}},{"start":{},"end":{}}],"line":498},"39":{"loc":{"start":{"line":524,"column":4},"end":{"line":526,"column":5}},"type":"if","locations":[{"start":{"line":524,"column":4},"end":{"line":526,"column":5}},{"start":{},"end":{}}],"line":524},"40":{"loc":{"start":{"line":545,"column":8},"end":{"line":547,"column":9}},"type":"if","locations":[{"start":{"line":545,"column":8},"end":{"line":547,"column":9}},{"start":{},"end":{}}],"line":545},"41":{"loc":{"start":{"line":564,"column":8},"end":{"line":566,"column":9}},"type":"if","locations":[{"start":{"line":564,"column":8},"end":{"line":566,"column":9}},{"start":{},"end":{}}],"line":564},"42":{"loc":{"start":{"line":603,"column":4},"end":{"line":605,"column":5}},"type":"if","locations":[{"start":{"line":603,"column":4},"end":{"line":605,"column":5}},{"start":{},"end":{}}],"line":603},"43":{"loc":{"start":{"line":603,"column":8},"end":{"line":603,"column":62}},"type":"binary-expr","locations":[{"start":{"line":603,"column":8},"end":{"line":603,"column":20}},{"start":{"line":603,"column":24},"end":{"line":603,"column":42}},{"start":{"line":603,"column":46},"end":{"line":603,"column":62}}],"line":603},"44":{"loc":{"start":{"line":616,"column":8},"end":{"line":618,"column":9}},"type":"if","locations":[{"start":{"line":616,"column":8},"end":{"line":618,"column":9}},{"start":{},"end":{}}],"line":616}},"s":{"0":8,"1":8,"2":8,"3":8,"4":8,"5":8,"6":8,"7":8,"8":0,"9":0,"10":8,"11":1,"12":1,"13":1,"14":0,"15":0,"16":8,"17":0,"18":0,"19":0,"20":0,"21":0,"22":0,"23":0,"24":0,"25":0,"26":0,"27":0,"28":0,"29":8,"30":0,"31":0,"32":0,"33":0,"34":0,"35":0,"36":0,"37":0,"38":0,"39":0,"40":0,"41":0,"42":0,"43":0,"44":0,"45":0,"46":0,"47":0,"48":0,"49":0,"50":0,"51":0,"52":0,"53":0,"54":0,"55":0,"56":0,"57":0,"58":0,"59":0,"60":0,"61":0,"62":0,"63":0,"64":0,"65":0,"66":0,"67":0,"68":0,"69":0,"70":0,"71":0,"72":0,"73":0,"74":0,"75":0,"76":0,"77":0,"78":0,"79":0,"80":0,"81":0,"82":0,"83":0,"84":0,"85":0,"86":0,"87":0,"88":0,"89":0,"90":0,"91":0,"92":0,"93":0,"94":0,"95":0,"96":0,"97":0,"98":0,"99":0,"100":0,"101":0,"102":0,"103":0,"104":0,"105":0,"106":0,"107":0,"108":0,"109":0,"110":0,"111":0,"112":0,"113":0,"114":0,"115":8,"116":2,"117":2,"118":2,"119":2,"120":2,"121":2,"122":1,"123":1,"124":1,"125":1,"126":0,"127":0,"128":1,"129":1,"130":1,"131":0,"132":0,"133":0,"134":2,"135":8,"136":0,"137":0,"138":0,"139":0,"140":0,"141":8,"142":0,"143":0,"144":0,"145":0,"146":0,"147":8,"148":0,"149":0,"150":0,"151":0,"152":0,"153":0,"154":8,"155":2,"156":2,"157":2,"158":2,"159":2,"160":2,"161":1,"162":1,"163":1,"164":1,"165":1,"166":1,"167":1,"168":1,"169":1,"170":0,"171":1,"172":1,"173":0,"174":1,"175":1,"176":0,"177":0,"178":0,"179":2,"180":8,"181":2,"182":2,"183":0,"184":2,"185":2,"186":2,"187":2,"188":2,"189":0,"190":0,"191":2,"192":2,"193":1,"194":1,"195":1,"196":1,"197":1,"198":1,"199":1,"200":1,"201":1,"202":1,"203":0,"204":1,"205":1,"206":0,"207":0,"208":0,"209":2,"210":8,"211":0,"212":0,"213":0,"214":0,"215":0,"216":0,"217":0,"218":0,"219":8,"220":1,"221":1,"222":1,"223":0,"224":1,"225":1,"226":1,"227":1,"228":1,"229":1,"230":1,"231":1,"232":0,"233":1,"234":0,"235":0,"236":8,"237":0,"238":0,"239":0,"240":0,"241":0,"242":0,"243":0,"244":0,"245":0,"246":8,"247":0,"248":0,"249":0,"250":0,"251":0,"252":0,"253":0,"254":8,"255":0,"256":0,"257":0,"258":0,"259":0,"260":0,"261":0,"262":0,"263":0,"264":8,"265":0,"266":0,"267":0,"268":0,"269":0,"270":0,"271":8,"272":0,"273":0,"274":0,"275":0,"276":0,"277":8,"278":0,"279":0,"280":0,"281":0,"282":0,"283":0,"284":0,"285":0,"286":0,"287":0,"288":0,"289":8},"f":{"0":0,"1":1,"2":0,"3":0,"4":2,"5":0,"6":0,"7":0,"8":2,"9":2,"10":0,"11":0,"12":1,"13":0,"14":0,"15":0,"16":0,"17":0,"18":0},"b":{"0":[0,0],"1":[0,0],"2":[0,0],"3":[0,0],"4":[0,0],"5":[0,0],"6":[0,0],"7":[0,0],"8":[0,0],"9":[0,0],"10":[0,0],"11":[0,0],"12":[0,0],"13":[0,0],"14":[0,0],"15":[0,0],"16":[0,0],"17":[0,0],"18":[0,0],"19":[0,0],"20":[0,0],"21":[0,0],"22":[0,0],"23":[0,0],"24":[1,1],"25":[0,1],"26":[1,1],"27":[0,2],"28":[0,2],"29":[1,1],"30":[0,0],"31":[0,0],"32":[0,0],"33":[0,0],"34":[0,1],"35":[1,1],"36":[1,1],"37":[1,1],"38":[1,0],"39":[0,0],"40":[0,0],"41":[0,0],"42":[0,0],"43":[0,0,0],"44":[0,0]},"_coverageSchema":"1a1c01bbd47fc00a2c39e90264f33305004495a9","hash":"b649ac2626a4dba7f0f713912670c163e15c438f"}
,"G:\\quanlychungcu\\backend\\routes\\amenityAdmin.js": {"path":"G:\\quanlychungcu\\backend\\routes\\amenityAdmin.js","statementMap":{"0":{"start":{"line":1,"column":16},"end":{"line":1,"column":34}},"1":{"start":{"line":2,"column":15},"end":{"line":2,"column":31}},"2":{"start":{"line":3,"column":11},"end":{"line":3,"column":27}},"3":{"start":{"line":4,"column":29},"end":{"line":4,"column":68}},"4":{"start":{"line":7,"column":0},"end":{"line":20,"column":3}},"5":{"start":{"line":8,"column":4},"end":{"line":19,"column":5}},"6":{"start":{"line":9,"column":22},"end":{"line":14,"column":9}},"7":{"start":{"line":15,"column":25},"end":{"line":15,"column":46}},"8":{"start":{"line":16,"column":8},"end":{"line":16,"column":23}},"9":{"start":{"line":18,"column":8},"end":{"line":18,"column":71}},"10":{"start":{"line":23,"column":0},"end":{"line":37,"column":3}},"11":{"start":{"line":24,"column":53},"end":{"line":24,"column":61}},"12":{"start":{"line":25,"column":19},"end":{"line":25,"column":29}},"13":{"start":{"line":26,"column":4},"end":{"line":36,"column":5}},"14":{"start":{"line":27,"column":8},"end":{"line":32,"column":10}},"15":{"start":{"line":33,"column":8},"end":{"line":33,"column":60}},"16":{"start":{"line":35,"column":8},"end":{"line":35,"column":68}},"17":{"start":{"line":40,"column":0},"end":{"line":54,"column":3}},"18":{"start":{"line":41,"column":4},"end":{"line":53,"column":5}},"19":{"start":{"line":42,"column":22},"end":{"line":48,"column":9}},"20":{"start":{"line":49,"column":25},"end":{"line":49,"column":46}},"21":{"start":{"line":50,"column":8},"end":{"line":50,"column":23}},"22":{"start":{"line":52,"column":8},"end":{"line":52,"column":70}},"23":{"start":{"line":57,"column":0},"end":{"line":101,"column":3}},"24":{"start":{"line":58,"column":23},"end":{"line":58,"column":31}},"25":{"start":{"line":60,"column":4},"end":{"line":62,"column":5}},"26":{"start":{"line":61,"column":8},"end":{"line":61,"column":85}},"27":{"start":{"line":64,"column":4},"end":{"line":100,"column":5}},"28":{"start":{"line":66,"column":23},"end":{"line":69,"column":9}},"29":{"start":{"line":71,"column":8},"end":{"line":73,"column":9}},"30":{"start":{"line":72,"column":12},"end":{"line":72,"column":75}},"31":{"start":{"line":75,"column":24},"end":{"line":75,"column":38}},"32":{"start":{"line":78,"column":24},"end":{"line":78,"column":107}},"33":{"start":{"line":79,"column":25},"end":{"line":79,"column":64}},"34":{"start":{"line":82,"column":8},"end":{"line":93,"column":9}},"35":{"start":{"line":83,"column":28},"end":{"line":83,"column":86}},"36":{"start":{"line":84,"column":28},"end":{"line":84,"column":119}},"37":{"start":{"line":85,"column":27},"end":{"line":85,"column":46}},"38":{"start":{"line":87,"column":12},"end":{"line":90,"column":14}},"39":{"start":{"line":92,"column":12},"end":{"line":92,"column":64}},"40":{"start":{"line":96,"column":8},"end":{"line":96,"column":70}},"41":{"start":{"line":98,"column":8},"end":{"line":98,"column":27}},"42":{"start":{"line":99,"column":8},"end":{"line":99,"column":71}},"43":{"start":{"line":104,"column":0},"end":{"line":106,"column":3}},"44":{"start":{"line":105,"column":4},"end":{"line":105,"column":35}},"45":{"start":{"line":108,"column":0},"end":{"line":108,"column":24}}},"fnMap":{"0":{"name":"(anonymous_0)","decl":{"start":{"line":7,"column":39},"end":{"line":7,"column":40}},"loc":{"start":{"line":7,"column":59},"end":{"line":20,"column":1}},"line":7},"1":{"name":"(anonymous_1)","decl":{"start":{"line":23,"column":43},"end":{"line":23,"column":44}},"loc":{"start":{"line":23,"column":63},"end":{"line":37,"column":1}},"line":23},"2":{"name":"(anonymous_2)","decl":{"start":{"line":40,"column":42},"end":{"line":40,"column":43}},"loc":{"start":{"line":40,"column":62},"end":{"line":54,"column":1}},"line":40},"3":{"name":"(anonymous_3)","decl":{"start":{"line":57,"column":54},"end":{"line":57,"column":55}},"loc":{"start":{"line":57,"column":74},"end":{"line":101,"column":1}},"line":57},"4":{"name":"(anonymous_4)","decl":{"start":{"line":104,"column":29},"end":{"line":104,"column":30}},"loc":{"start":{"line":104,"column":49},"end":{"line":106,"column":1}},"line":104}},"branchMap":{"0":{"loc":{"start":{"line":60,"column":4},"end":{"line":62,"column":5}},"type":"if","locations":[{"start":{"line":60,"column":4},"end":{"line":62,"column":5}},{"start":{},"end":{}}],"line":60},"1":{"loc":{"start":{"line":71,"column":8},"end":{"line":73,"column":9}},"type":"if","locations":[{"start":{"line":71,"column":8},"end":{"line":73,"column":9}},{"start":{},"end":{}}],"line":71},"2":{"loc":{"start":{"line":79,"column":25},"end":{"line":79,"column":64}},"type":"binary-expr","locations":[{"start":{"line":79,"column":25},"end":{"line":79,"column":46}},{"start":{"line":79,"column":50},"end":{"line":79,"column":64}}],"line":79}},"s":{"0":7,"1":7,"2":7,"3":7,"4":7,"5":2,"6":2,"7":2,"8":1,"9":1,"10":7,"11":1,"12":1,"13":1,"14":1,"15":1,"16":0,"17":7,"18":1,"19":1,"20":1,"21":1,"22":0,"23":7,"24":3,"25":3,"26":1,"27":2,"28":2,"29":2,"30":1,"31":1,"32":1,"33":1,"34":1,"35":1,"36":1,"37":1,"38":1,"39":0,"40":1,"41":0,"42":0,"43":7,"44":0,"45":7},"f":{"0":2,"1":1,"2":1,"3":3,"4":0},"b":{"0":[1,2],"1":[1,1],"2":[1,0]},"_coverageSchema":"1a1c01bbd47fc00a2c39e90264f33305004495a9","hash":"1634d8932dcf2cba6ef384c13869af6077cf1deb"}
,"G:\\quanlychungcu\\backend\\routes\\amenityUser.js": {"path":"G:\\quanlychungcu\\backend\\routes\\amenityUser.js","statementMap":{"0":{"start":{"line":1,"column":16},"end":{"line":1,"column":34}},"1":{"start":{"line":2,"column":15},"end":{"line":2,"column":31}},"2":{"start":{"line":3,"column":11},"end":{"line":3,"column":27}},"3":{"start":{"line":4,"column":20},"end":{"line":4,"column":59}},"4":{"start":{"line":7,"column":0},"end":{"line":22,"column":3}},"5":{"start":{"line":8,"column":4},"end":{"line":21,"column":5}},"6":{"start":{"line":9,"column":22},"end":{"line":15,"column":9}},"7":{"start":{"line":16,"column":25},"end":{"line":16,"column":46}},"8":{"start":{"line":17,"column":8},"end":{"line":17,"column":23}},"9":{"start":{"line":19,"column":8},"end":{"line":19,"column":27}},"10":{"start":{"line":20,"column":8},"end":{"line":20,"column":67}},"11":{"start":{"line":25,"column":0},"end":{"line":41,"column":3}},"12":{"start":{"line":26,"column":23},"end":{"line":26,"column":69}},"13":{"start":{"line":27,"column":4},"end":{"line":40,"column":5}},"14":{"start":{"line":28,"column":22},"end":{"line":34,"column":9}},"15":{"start":{"line":35,"column":25},"end":{"line":35,"column":60}},"16":{"start":{"line":36,"column":8},"end":{"line":36,"column":23}},"17":{"start":{"line":38,"column":8},"end":{"line":38,"column":27}},"18":{"start":{"line":39,"column":8},"end":{"line":39,"column":70}},"19":{"start":{"line":44,"column":0},"end":{"line":119,"column":3}},"20":{"start":{"line":45,"column":23},"end":{"line":45,"column":69}},"21":{"start":{"line":46,"column":49},"end":{"line":46,"column":57}},"22":{"start":{"line":48,"column":4},"end":{"line":118,"column":5}},"23":{"start":{"line":49,"column":26},"end":{"line":49,"column":106}},"24":{"start":{"line":50,"column":8},"end":{"line":52,"column":9}},"25":{"start":{"line":51,"column":12},"end":{"line":51,"column":123}},"26":{"start":{"line":54,"column":28},"end":{"line":54,"column":42}},"27":{"start":{"line":55,"column":22},"end":{"line":55,"column":32}},"28":{"start":{"line":56,"column":8},"end":{"line":56,"column":35}},"29":{"start":{"line":57,"column":8},"end":{"line":59,"column":9}},"30":{"start":{"line":58,"column":12},"end":{"line":58,"column":92}},"31":{"start":{"line":61,"column":30},"end":{"line":65,"column":9}},"32":{"start":{"line":66,"column":8},"end":{"line":68,"column":9}},"33":{"start":{"line":67,"column":12},"end":{"line":67,"column":92}},"34":{"start":{"line":70,"column":24},"end":{"line":75,"column":9}},"35":{"start":{"line":77,"column":8},"end":{"line":79,"column":9}},"36":{"start":{"line":78,"column":12},"end":{"line":78,"column":76}},"37":{"start":{"line":81,"column":27},"end":{"line":86,"column":9}},"38":{"start":{"line":87,"column":25},"end":{"line":87,"column":61}},"39":{"start":{"line":88,"column":29},"end":{"line":88,"column":69}},"40":{"start":{"line":89,"column":25},"end":{"line":89,"column":70}},"41":{"start":{"line":91,"column":22},"end":{"line":91,"column":55}},"42":{"start":{"line":92,"column":20},"end":{"line":92,"column":51}},"43":{"start":{"line":93,"column":25},"end":{"line":93,"column":36}},"44":{"start":{"line":94,"column":8},"end":{"line":94,"column":89}},"45":{"start":{"line":94,"column":27},"end":{"line":94,"column":89}},"46":{"start":{"line":96,"column":27},"end":{"line":96,"column":50}},"47":{"start":{"line":98,"column":8},"end":{"line":102,"column":10}},"48":{"start":{"line":104,"column":24},"end":{"line":104,"column":66}},"49":{"start":{"line":105,"column":24},"end":{"line":105,"column":73}},"50":{"start":{"line":106,"column":31},"end":{"line":106,"column":120}},"51":{"start":{"line":108,"column":8},"end":{"line":111,"column":10}},"52":{"start":{"line":113,"column":8},"end":{"line":113,"column":53}},"53":{"start":{"line":116,"column":8},"end":{"line":116,"column":27}},"54":{"start":{"line":117,"column":8},"end":{"line":117,"column":59}},"55":{"start":{"line":122,"column":0},"end":{"line":187,"column":3}},"56":{"start":{"line":123,"column":23},"end":{"line":123,"column":69}},"57":{"start":{"line":124,"column":25},"end":{"line":124,"column":85}},"58":{"start":{"line":126,"column":4},"end":{"line":186,"column":5}},"59":{"start":{"line":129,"column":25},"end":{"line":133,"column":9}},"60":{"start":{"line":135,"column":8},"end":{"line":137,"column":9}},"61":{"start":{"line":136,"column":12},"end":{"line":136,"column":75}},"62":{"start":{"line":139,"column":28},"end":{"line":139,"column":44}},"63":{"start":{"line":140,"column":28},"end":{"line":140,"column":62}},"64":{"start":{"line":141,"column":20},"end":{"line":141,"column":30}},"65":{"start":{"line":142,"column":8},"end":{"line":142,"column":33}},"66":{"start":{"line":145,"column":8},"end":{"line":147,"column":9}},"67":{"start":{"line":146,"column":12},"end":{"line":146,"column":85}},"68":{"start":{"line":154,"column":23},"end":{"line":160,"column":9}},"69":{"start":{"line":162,"column":24},"end":{"line":162,"column":38}},"70":{"start":{"line":163,"column":24},"end":{"line":163,"column":107}},"71":{"start":{"line":164,"column":25},"end":{"line":164,"column":64}},"72":{"start":{"line":166,"column":8},"end":{"line":180,"column":9}},"73":{"start":{"line":167,"column":27},"end":{"line":167,"column":86}},"74":{"start":{"line":168,"column":28},"end":{"line":168,"column":86}},"75":{"start":{"line":169,"column":28},"end":{"line":169,"column":113}},"76":{"start":{"line":170,"column":27},"end":{"line":170,"column":54}},"77":{"start":{"line":172,"column":12},"end":{"line":177,"column":13}},"78":{"start":{"line":173,"column":16},"end":{"line":176,"column":18}},"79":{"start":{"line":179,"column":12},"end":{"line":179,"column":65}},"80":{"start":{"line":182,"column":8},"end":{"line":182,"column":65}},"81":{"start":{"line":184,"column":8},"end":{"line":184,"column":27}},"82":{"start":{"line":185,"column":8},"end":{"line":185,"column":59}},"83":{"start":{"line":189,"column":0},"end":{"line":189,"column":24}}},"fnMap":{"0":{"name":"(anonymous_0)","decl":{"start":{"line":7,"column":30},"end":{"line":7,"column":31}},"loc":{"start":{"line":7,"column":50},"end":{"line":22,"column":1}},"line":7},"1":{"name":"(anonymous_1)","decl":{"start":{"line":25,"column":36},"end":{"line":25,"column":37}},"loc":{"start":{"line":25,"column":56},"end":{"line":41,"column":1}},"line":25},"2":{"name":"(anonymous_2)","decl":{"start":{"line":44,"column":30},"end":{"line":44,"column":31}},"loc":{"start":{"line":44,"column":50},"end":{"line":119,"column":1}},"line":44},"3":{"name":"(anonymous_3)","decl":{"start":{"line":122,"column":36},"end":{"line":122,"column":37}},"loc":{"start":{"line":122,"column":56},"end":{"line":187,"column":1}},"line":122}},"branchMap":{"0":{"loc":{"start":{"line":26,"column":23},"end":{"line":26,"column":69}},"type":"cond-expr","locations":[{"start":{"line":26,"column":39},"end":{"line":26,"column":55}},{"start":{"line":26,"column":58},"end":{"line":26,"column":69}}],"line":26},"1":{"loc":{"start":{"line":45,"column":23},"end":{"line":45,"column":69}},"type":"cond-expr","locations":[{"start":{"line":45,"column":39},"end":{"line":45,"column":55}},{"start":{"line":45,"column":58},"end":{"line":45,"column":69}}],"line":45},"2":{"loc":{"start":{"line":50,"column":8},"end":{"line":52,"column":9}},"type":"if","locations":[{"start":{"line":50,"column":8},"end":{"line":52,"column":9}},{"start":{},"end":{}}],"line":50},"3":{"loc":{"start":{"line":57,"column":8},"end":{"line":59,"column":9}},"type":"if","locations":[{"start":{"line":57,"column":8},"end":{"line":59,"column":9}},{"start":{},"end":{}}],"line":57},"4":{"loc":{"start":{"line":66,"column":8},"end":{"line":68,"column":9}},"type":"if","locations":[{"start":{"line":66,"column":8},"end":{"line":68,"column":9}},{"start":{},"end":{}}],"line":66},"5":{"loc":{"start":{"line":77,"column":8},"end":{"line":79,"column":9}},"type":"if","locations":[{"start":{"line":77,"column":8},"end":{"line":79,"column":9}},{"start":{},"end":{}}],"line":77},"6":{"loc":{"start":{"line":88,"column":40},"end":{"line":88,"column":68}},"type":"binary-expr","locations":[{"start":{"line":88,"column":40},"end":{"line":88,"column":63}},{"start":{"line":88,"column":67},"end":{"line":88,"column":68}}],"line":88},"7":{"loc":{"start":{"line":89,"column":25},"end":{"line":89,"column":70}},"type":"binary-expr","locations":[{"start":{"line":89,"column":25},"end":{"line":89,"column":52}},{"start":{"line":89,"column":56},"end":{"line":89,"column":70}}],"line":89},"8":{"loc":{"start":{"line":94,"column":8},"end":{"line":94,"column":89}},"type":"if","locations":[{"start":{"line":94,"column":8},"end":{"line":94,"column":89}},{"start":{},"end":{}}],"line":94},"9":{"loc":{"start":{"line":123,"column":23},"end":{"line":123,"column":69}},"type":"cond-expr","locations":[{"start":{"line":123,"column":39},"end":{"line":123,"column":55}},{"start":{"line":123,"column":58},"end":{"line":123,"column":69}}],"line":123},"10":{"loc":{"start":{"line":124,"column":25},"end":{"line":124,"column":85}},"type":"cond-expr","locations":[{"start":{"line":124,"column":41},"end":{"line":124,"column":64}},{"start":{"line":124,"column":67},"end":{"line":124,"column":85}}],"line":124},"11":{"loc":{"start":{"line":135,"column":8},"end":{"line":137,"column":9}},"type":"if","locations":[{"start":{"line":135,"column":8},"end":{"line":137,"column":9}},{"start":{},"end":{}}],"line":135},"12":{"loc":{"start":{"line":145,"column":8},"end":{"line":147,"column":9}},"type":"if","locations":[{"start":{"line":145,"column":8},"end":{"line":147,"column":9}},{"start":{},"end":{}}],"line":145},"13":{"loc":{"start":{"line":164,"column":25},"end":{"line":164,"column":64}},"type":"binary-expr","locations":[{"start":{"line":164,"column":25},"end":{"line":164,"column":46}},{"start":{"line":164,"column":50},"end":{"line":164,"column":64}}],"line":164}},"s":{"0":8,"1":8,"2":8,"3":8,"4":8,"5":1,"6":1,"7":1,"8":1,"9":0,"10":0,"11":8,"12":0,"13":0,"14":0,"15":0,"16":0,"17":0,"18":0,"19":8,"20":4,"21":4,"22":4,"23":4,"24":4,"25":1,"26":3,"27":3,"28":3,"29":3,"30":1,"31":2,"32":2,"33":0,"34":2,"35":2,"36":1,"37":1,"38":1,"39":1,"40":1,"41":1,"42":1,"43":1,"44":1,"45":0,"46":1,"47":1,"48":1,"49":1,"50":1,"51":1,"52":1,"53":0,"54":0,"55":8,"56":3,"57":3,"58":3,"59":3,"60":3,"61":1,"62":2,"63":2,"64":2,"65":2,"66":2,"67":1,"68":1,"69":1,"70":1,"71":1,"72":1,"73":1,"74":1,"75":1,"76":1,"77":1,"78":1,"79":0,"80":1,"81":0,"82":0,"83":8},"f":{"0":1,"1":0,"2":4,"3":3},"b":{"0":[0,0],"1":[4,0],"2":[1,3],"3":[1,2],"4":[0,2],"5":[1,1],"6":[1,0],"7":[1,0],"8":[0,1],"9":[3,0],"10":[3,0],"11":[1,2],"12":[1,1],"13":[1,0]},"_coverageSchema":"1a1c01bbd47fc00a2c39e90264f33305004495a9","hash":"f7bbc6e8afef5bc955640220df1b67a984c1a5a8"}
,"G:\\quanlychungcu\\backend\\routes\\auth.js": {"path":"G:\\quanlychungcu\\backend\\routes\\auth.js","statementMap":{"0":{"start":{"line":1,"column":16},"end":{"line":1,"column":34}},"1":{"start":{"line":2,"column":15},"end":{"line":2,"column":34}},"2":{"start":{"line":3,"column":15},"end":{"line":3,"column":32}},"3":{"start":{"line":4,"column":12},"end":{"line":4,"column":35}},"4":{"start":{"line":5,"column":11},"end":{"line":5,"column":27}},"5":{"start":{"line":8,"column":58},"end":{"line":8,"column":84}},"6":{"start":{"line":10,"column":15},"end":{"line":10,"column":31}},"7":{"start":{"line":13,"column":25},"end":{"line":17,"column":1}},"8":{"start":{"line":15,"column":18},"end":{"line":15,"column":88}},"9":{"start":{"line":16,"column":4},"end":{"line":16,"column":32}},"10":{"start":{"line":20,"column":0},"end":{"line":54,"column":3}},"11":{"start":{"line":22,"column":49},"end":{"line":22,"column":57}},"12":{"start":{"line":25,"column":4},"end":{"line":27,"column":5}},"13":{"start":{"line":26,"column":8},"end":{"line":26,"column":88}},"14":{"start":{"line":28,"column":4},"end":{"line":32,"column":5}},"15":{"start":{"line":29,"column":8},"end":{"line":31,"column":11}},"16":{"start":{"line":33,"column":4},"end":{"line":53,"column":5}},"17":{"start":{"line":34,"column":29},"end":{"line":34,"column":92}},"18":{"start":{"line":35,"column":8},"end":{"line":37,"column":9}},"19":{"start":{"line":36,"column":12},"end":{"line":36,"column":81}},"20":{"start":{"line":38,"column":21},"end":{"line":38,"column":45}},"21":{"start":{"line":39,"column":29},"end":{"line":39,"column":62}},"22":{"start":{"line":40,"column":34},"end":{"line":40,"column":72}},"23":{"start":{"line":43,"column":24},"end":{"line":46,"column":9}},"24":{"start":{"line":48,"column":8},"end":{"line":48,"column":78}},"25":{"start":{"line":49,"column":8},"end":{"line":49,"column":120}},"26":{"start":{"line":51,"column":8},"end":{"line":51,"column":59}},"27":{"start":{"line":52,"column":8},"end":{"line":52,"column":88}},"28":{"start":{"line":57,"column":0},"end":{"line":93,"column":3}},"29":{"start":{"line":58,"column":22},"end":{"line":58,"column":32}},"30":{"start":{"line":59,"column":4},"end":{"line":92,"column":5}},"31":{"start":{"line":60,"column":27},"end":{"line":60,"column":103}},"32":{"start":{"line":62,"column":8},"end":{"line":64,"column":9}},"33":{"start":{"line":63,"column":12},"end":{"line":63,"column":82}},"34":{"start":{"line":66,"column":21},"end":{"line":66,"column":39}},"35":{"start":{"line":69,"column":8},"end":{"line":69,"column":114}},"36":{"start":{"line":72,"column":8},"end":{"line":85,"column":9}},"37":{"start":{"line":73,"column":27},"end":{"line":73,"column":86}},"38":{"start":{"line":74,"column":40},"end":{"line":74,"column":119}},"39":{"start":{"line":75,"column":27},"end":{"line":75,"column":51}},"40":{"start":{"line":77,"column":12},"end":{"line":82,"column":13}},"41":{"start":{"line":78,"column":16},"end":{"line":81,"column":18}},"42":{"start":{"line":84,"column":12},"end":{"line":84,"column":65}},"43":{"start":{"line":87,"column":8},"end":{"line":87,"column":78}},"44":{"start":{"line":90,"column":8},"end":{"line":90,"column":65}},"45":{"start":{"line":91,"column":8},"end":{"line":91,"column":85}},"46":{"start":{"line":96,"column":0},"end":{"line":139,"column":3}},"47":{"start":{"line":97,"column":32},"end":{"line":97,"column":40}},"48":{"start":{"line":98,"column":4},"end":{"line":100,"column":5}},"49":{"start":{"line":99,"column":8},"end":{"line":99,"column":90}},"50":{"start":{"line":101,"column":4},"end":{"line":138,"column":5}},"51":{"start":{"line":102,"column":21},"end":{"line":102,"column":84}},"52":{"start":{"line":103,"column":8},"end":{"line":105,"column":9}},"53":{"start":{"line":104,"column":12},"end":{"line":104,"column":85}},"54":{"start":{"line":106,"column":26},"end":{"line":106,"column":38}},"55":{"start":{"line":109,"column":8},"end":{"line":111,"column":9}},"56":{"start":{"line":110,"column":13},"end":{"line":110,"column":113}},"57":{"start":{"line":113,"column":8},"end":{"line":115,"column":9}},"58":{"start":{"line":114,"column":12},"end":{"line":114,"column":100}},"59":{"start":{"line":116,"column":34},"end":{"line":116,"column":89}},"60":{"start":{"line":117,"column":8},"end":{"line":119,"column":9}},"61":{"start":{"line":118,"column":12},"end":{"line":118,"column":85}},"62":{"start":{"line":122,"column":22},"end":{"line":133,"column":9}},"63":{"start":{"line":134,"column":8},"end":{"line":134,"column":77}},"64":{"start":{"line":136,"column":8},"end":{"line":136,"column":52}},"65":{"start":{"line":137,"column":8},"end":{"line":137,"column":72}},"66":{"start":{"line":142,"column":0},"end":{"line":158,"column":3}},"67":{"start":{"line":143,"column":22},"end":{"line":143,"column":30}},"68":{"start":{"line":144,"column":4},"end":{"line":157,"column":5}},"69":{"start":{"line":145,"column":21},"end":{"line":145,"column":84}},"70":{"start":{"line":146,"column":8},"end":{"line":148,"column":9}},"71":{"start":{"line":147,"column":12},"end":{"line":147,"column":131}},"72":{"start":{"line":149,"column":27},"end":{"line":149,"column":65}},"73":{"start":{"line":150,"column":24},"end":{"line":150,"column":54}},"74":{"start":{"line":151,"column":8},"end":{"line":151,"column":145}},"75":{"start":{"line":152,"column":8},"end":{"line":152,"column":56}},"76":{"start":{"line":153,"column":8},"end":{"line":153,"column":120}},"77":{"start":{"line":155,"column":8},"end":{"line":155,"column":58}},"78":{"start":{"line":156,"column":8},"end":{"line":156,"column":59}},"79":{"start":{"line":161,"column":0},"end":{"line":180,"column":3}},"80":{"start":{"line":162,"column":22},"end":{"line":162,"column":32}},"81":{"start":{"line":163,"column":28},"end":{"line":163,"column":36}},"82":{"start":{"line":164,"column":4},"end":{"line":166,"column":5}},"83":{"start":{"line":165,"column":8},"end":{"line":165,"column":87}},"84":{"start":{"line":167,"column":4},"end":{"line":179,"column":5}},"85":{"start":{"line":168,"column":21},"end":{"line":168,"column":134}},"86":{"start":{"line":169,"column":8},"end":{"line":171,"column":9}},"87":{"start":{"line":170,"column":12},"end":{"line":170,"column":82}},"88":{"start":{"line":172,"column":21},"end":{"line":172,"column":45}},"89":{"start":{"line":173,"column":29},"end":{"line":173,"column":65}},"90":{"start":{"line":174,"column":8},"end":{"line":174,"column":169}},"91":{"start":{"line":175,"column":8},"end":{"line":175,"column":83}},"92":{"start":{"line":177,"column":8},"end":{"line":177,"column":57}},"93":{"start":{"line":178,"column":8},"end":{"line":178,"column":59}},"94":{"start":{"line":183,"column":0},"end":{"line":218,"column":3}},"95":{"start":{"line":184,"column":32},"end":{"line":184,"column":40}},"96":{"start":{"line":185,"column":4},"end":{"line":187,"column":5}},"97":{"start":{"line":186,"column":8},"end":{"line":186,"column":90}},"98":{"start":{"line":188,"column":4},"end":{"line":217,"column":5}},"99":{"start":{"line":189,"column":21},"end":{"line":189,"column":84}},"100":{"start":{"line":190,"column":8},"end":{"line":192,"column":9}},"101":{"start":{"line":191,"column":12},"end":{"line":191,"column":85}},"102":{"start":{"line":193,"column":26},"end":{"line":193,"column":38}},"103":{"start":{"line":194,"column":8},"end":{"line":196,"column":9}},"104":{"start":{"line":195,"column":12},"end":{"line":195,"column":111}},"105":{"start":{"line":197,"column":34},"end":{"line":197,"column":89}},"106":{"start":{"line":198,"column":8},"end":{"line":200,"column":9}},"107":{"start":{"line":199,"column":12},"end":{"line":199,"column":85}},"108":{"start":{"line":201,"column":22},"end":{"line":209,"column":9}},"109":{"start":{"line":210,"column":8},"end":{"line":213,"column":11}},"110":{"start":{"line":215,"column":8},"end":{"line":215,"column":58}},"111":{"start":{"line":216,"column":8},"end":{"line":216,"column":72}},"112":{"start":{"line":220,"column":0},"end":{"line":220,"column":24}}},"fnMap":{"0":{"name":"(anonymous_0)","decl":{"start":{"line":13,"column":25},"end":{"line":13,"column":26}},"loc":{"start":{"line":13,"column":39},"end":{"line":17,"column":1}},"line":13},"1":{"name":"(anonymous_1)","decl":{"start":{"line":20,"column":25},"end":{"line":20,"column":26}},"loc":{"start":{"line":20,"column":45},"end":{"line":54,"column":1}},"line":20},"2":{"name":"(anonymous_2)","decl":{"start":{"line":57,"column":35},"end":{"line":57,"column":36}},"loc":{"start":{"line":57,"column":55},"end":{"line":93,"column":1}},"line":57},"3":{"name":"(anonymous_3)","decl":{"start":{"line":96,"column":22},"end":{"line":96,"column":23}},"loc":{"start":{"line":96,"column":42},"end":{"line":139,"column":1}},"line":96},"4":{"name":"(anonymous_4)","decl":{"start":{"line":142,"column":32},"end":{"line":142,"column":33}},"loc":{"start":{"line":142,"column":52},"end":{"line":158,"column":1}},"line":142},"5":{"name":"(anonymous_5)","decl":{"start":{"line":161,"column":38},"end":{"line":161,"column":39}},"loc":{"start":{"line":161,"column":58},"end":{"line":180,"column":1}},"line":161},"6":{"name":"(anonymous_6)","decl":{"start":{"line":183,"column":28},"end":{"line":183,"column":29}},"loc":{"start":{"line":183,"column":48},"end":{"line":218,"column":1}},"line":183}},"branchMap":{"0":{"loc":{"start":{"line":25,"column":4},"end":{"line":27,"column":5}},"type":"if","locations":[{"start":{"line":25,"column":4},"end":{"line":27,"column":5}},{"start":{},"end":{}}],"line":25},"1":{"loc":{"start":{"line":25,"column":8},"end":{"line":25,"column":50}},"type":"binary-expr","locations":[{"start":{"line":25,"column":8},"end":{"line":25,"column":17}},{"start":{"line":25,"column":21},"end":{"line":25,"column":27}},{"start":{"line":25,"column":31},"end":{"line":25,"column":40}},{"start":{"line":25,"column":44},"end":{"line":25,"column":50}}],"line":25},"2":{"loc":{"start":{"line":28,"column":4},"end":{"line":32,"column":5}},"type":"if","locations":[{"start":{"line":28,"column":4},"end":{"line":32,"column":5}},{"start":{},"end":{}}],"line":28},"3":{"loc":{"start":{"line":35,"column":8},"end":{"line":37,"column":9}},"type":"if","locations":[{"start":{"line":35,"column":8},"end":{"line":37,"column":9}},{"start":{},"end":{}}],"line":35},"4":{"loc":{"start":{"line":62,"column":8},"end":{"line":64,"column":9}},"type":"if","locations":[{"start":{"line":62,"column":8},"end":{"line":64,"column":9}},{"start":{},"end":{}}],"line":62},"5":{"loc":{"start":{"line":98,"column":4},"end":{"line":100,"column":5}},"type":"if","locations":[{"start":{"line":98,"column":4},"end":{"line":100,"column":5}},{"start":{},"end":{}}],"line":98},"6":{"loc":{"start":{"line":98,"column":8},"end":{"line":98,"column":27}},"type":"binary-expr","locations":[{"start":{"line":98,"column":8},"end":{"line":98,"column":14}},{"start":{"line":98,"column":18},"end":{"line":98,"column":27}}],"line":98},"7":{"loc":{"start":{"line":103,"column":8},"end":{"line":105,"column":9}},"type":"if","locations":[{"start":{"line":103,"column":8},"end":{"line":105,"column":9}},{"start":{},"end":{}}],"line":103},"8":{"loc":{"start":{"line":109,"column":8},"end":{"line":111,"column":9}},"type":"if","locations":[{"start":{"line":109,"column":8},"end":{"line":111,"column":9}},{"start":{},"end":{}}],"line":109},"9":{"loc":{"start":{"line":113,"column":8},"end":{"line":115,"column":9}},"type":"if","locations":[{"start":{"line":113,"column":8},"end":{"line":115,"column":9}},{"start":{},"end":{}}],"line":113},"10":{"loc":{"start":{"line":117,"column":8},"end":{"line":119,"column":9}},"type":"if","locations":[{"start":{"line":117,"column":8},"end":{"line":119,"column":9}},{"start":{},"end":{}}],"line":117},"11":{"loc":{"start":{"line":128,"column":28},"end":{"line":128,"column":56}},"type":"binary-expr","locations":[{"start":{"line":128,"column":28},"end":{"line":128,"column":48}},{"start":{"line":128,"column":52},"end":{"line":128,"column":56}}],"line":128},"12":{"loc":{"start":{"line":129,"column":34},"end":{"line":129,"column":68}},"type":"binary-expr","locations":[{"start":{"line":129,"column":34},"end":{"line":129,"column":60}},{"start":{"line":129,"column":64},"end":{"line":129,"column":68}}],"line":129},"13":{"loc":{"start":{"line":146,"column":8},"end":{"line":148,"column":9}},"type":"if","locations":[{"start":{"line":146,"column":8},"end":{"line":148,"column":9}},{"start":{},"end":{}}],"line":146},"14":{"loc":{"start":{"line":164,"column":4},"end":{"line":166,"column":5}},"type":"if","locations":[{"start":{"line":164,"column":4},"end":{"line":166,"column":5}},{"start":{},"end":{}}],"line":164},"15":{"loc":{"start":{"line":169,"column":8},"end":{"line":171,"column":9}},"type":"if","locations":[{"start":{"line":169,"column":8},"end":{"line":171,"column":9}},{"start":{},"end":{}}],"line":169},"16":{"loc":{"start":{"line":185,"column":4},"end":{"line":187,"column":5}},"type":"if","locations":[{"start":{"line":185,"column":4},"end":{"line":187,"column":5}},{"start":{},"end":{}}],"line":185},"17":{"loc":{"start":{"line":185,"column":8},"end":{"line":185,"column":27}},"type":"binary-expr","locations":[{"start":{"line":185,"column":8},"end":{"line":185,"column":14}},{"start":{"line":185,"column":18},"end":{"line":185,"column":27}}],"line":185},"18":{"loc":{"start":{"line":190,"column":8},"end":{"line":192,"column":9}},"type":"if","locations":[{"start":{"line":190,"column":8},"end":{"line":192,"column":9}},{"start":{},"end":{}}],"line":190},"19":{"loc":{"start":{"line":194,"column":8},"end":{"line":196,"column":9}},"type":"if","locations":[{"start":{"line":194,"column":8},"end":{"line":196,"column":9}},{"start":{},"end":{}}],"line":194},"20":{"loc":{"start":{"line":198,"column":8},"end":{"line":200,"column":9}},"type":"if","locations":[{"start":{"line":198,"column":8},"end":{"line":200,"column":9}},{"start":{},"end":{}}],"line":198}},"s":{"0":1,"1":1,"2":1,"3":1,"4":1,"5":1,"6":1,"7":1,"8":3,"9":3,"10":1,"11":4,"12":4,"13":1,"14":3,"15":1,"16":2,"17":2,"18":2,"19":1,"20":1,"21":1,"22":1,"23":1,"24":1,"25":1,"26":0,"27":0,"28":1,"29":1,"30":1,"31":1,"32":1,"33":0,"34":1,"35":1,"36":1,"37":1,"38":1,"39":1,"40":1,"41":1,"42":0,"43":1,"44":0,"45":0,"46":1,"47":3,"48":3,"49":0,"50":3,"51":3,"52":3,"53":0,"54":3,"55":3,"56":1,"57":2,"58":0,"59":2,"60":2,"61":1,"62":1,"63":1,"64":0,"65":0,"66":1,"67":0,"68":0,"69":0,"70":0,"71":0,"72":0,"73":0,"74":0,"75":0,"76":0,"77":0,"78":0,"79":1,"80":0,"81":0,"82":0,"83":0,"84":0,"85":0,"86":0,"87":0,"88":0,"89":0,"90":0,"91":0,"92":0,"93":0,"94":1,"95":2,"96":2,"97":0,"98":2,"99":2,"100":2,"101":0,"102":2,"103":2,"104":1,"105":1,"106":1,"107":0,"108":1,"109":1,"110":0,"111":0,"112":1},"f":{"0":3,"1":4,"2":1,"3":3,"4":0,"5":0,"6":2},"b":{"0":[1,3],"1":[4,4,4,4],"2":[1,2],"3":[1,1],"4":[0,1],"5":[0,3],"6":[3,3],"7":[0,3],"8":[1,2],"9":[0,2],"10":[1,1],"11":[1,1],"12":[1,0],"13":[0,0],"14":[0,0],"15":[0,0],"16":[0,2],"17":[2,2],"18":[0,2],"19":[1,1],"20":[0,1]},"_coverageSchema":"1a1c01bbd47fc00a2c39e90264f33305004495a9","hash":"52f46fb78dd4e7dde10ee994ba80f6e37654277c"}
,"G:\\quanlychungcu\\backend\\routes\\billUser.js": {"path":"G:\\quanlychungcu\\backend\\routes\\billUser.js","statementMap":{"0":{"start":{"line":1,"column":16},"end":{"line":1,"column":34}},"1":{"start":{"line":2,"column":15},"end":{"line":2,"column":31}},"2":{"start":{"line":3,"column":11},"end":{"line":3,"column":27}},"3":{"start":{"line":4,"column":20},"end":{"line":4,"column":59}},"4":{"start":{"line":8,"column":0},"end":{"line":47,"column":3}},"5":{"start":{"line":9,"column":23},"end":{"line":9,"column":34}},"6":{"start":{"line":10,"column":4},"end":{"line":46,"column":5}},"7":{"start":{"line":12,"column":25},"end":{"line":18,"column":9}},"8":{"start":{"line":19,"column":8},"end":{"line":21,"column":9}},"9":{"start":{"line":20,"column":12},"end":{"line":20,"column":43}},"10":{"start":{"line":23,"column":22},"end":{"line":23,"column":35}},"11":{"start":{"line":24,"column":24},"end":{"line":24,"column":49}},"12":{"start":{"line":24,"column":39},"end":{"line":24,"column":48}},"13":{"start":{"line":30,"column":29},"end":{"line":33,"column":9}},"14":{"start":{"line":36,"column":33},"end":{"line":40,"column":11}},"15":{"start":{"line":36,"column":52},"end":{"line":40,"column":9}},"16":{"start":{"line":39,"column":57},"end":{"line":39,"column":86}},"17":{"start":{"line":42,"column":8},"end":{"line":42,"column":46}},"18":{"start":{"line":44,"column":8},"end":{"line":44,"column":70}},"19":{"start":{"line":45,"column":8},"end":{"line":45,"column":78}},"20":{"start":{"line":51,"column":0},"end":{"line":64,"column":3}},"21":{"start":{"line":52,"column":23},"end":{"line":52,"column":34}},"22":{"start":{"line":53,"column":4},"end":{"line":63,"column":5}},"23":{"start":{"line":55,"column":25},"end":{"line":58,"column":9}},"24":{"start":{"line":59,"column":8},"end":{"line":59,"column":32}},"25":{"start":{"line":61,"column":8},"end":{"line":61,"column":64}},"26":{"start":{"line":62,"column":8},"end":{"line":62,"column":92}},"27":{"start":{"line":69,"column":0},"end":{"line":134,"column":3}},"28":{"start":{"line":70,"column":23},"end":{"line":70,"column":34}},"29":{"start":{"line":71,"column":40},"end":{"line":71,"column":48}},"30":{"start":{"line":73,"column":17},"end":{"line":73,"column":47}},"31":{"start":{"line":74,"column":19},"end":{"line":74,"column":39}},"32":{"start":{"line":76,"column":4},"end":{"line":133,"column":5}},"33":{"start":{"line":77,"column":8},"end":{"line":77,"column":36}},"34":{"start":{"line":80,"column":24},"end":{"line":83,"column":9}},"35":{"start":{"line":84,"column":8},"end":{"line":86,"column":9}},"36":{"start":{"line":85,"column":12},"end":{"line":85,"column":61}},"37":{"start":{"line":87,"column":21},"end":{"line":87,"column":36}},"38":{"start":{"line":88,"column":28},"end":{"line":88,"column":45}},"39":{"start":{"line":91,"column":26},"end":{"line":91,"column":73}},"40":{"start":{"line":92,"column":25},"end":{"line":96,"column":9}},"41":{"start":{"line":97,"column":33},"end":{"line":97,"column":64}},"42":{"start":{"line":100,"column":8},"end":{"line":100,"column":64}},"43":{"start":{"line":100,"column":37},"end":{"line":100,"column":62}},"44":{"start":{"line":103,"column":26},"end":{"line":103,"column":45}},"45":{"start":{"line":105,"column":8},"end":{"line":126,"column":9}},"46":{"start":{"line":107,"column":12},"end":{"line":110,"column":14}},"47":{"start":{"line":112,"column":12},"end":{"line":115,"column":14}},"48":{"start":{"line":116,"column":12},"end":{"line":116,"column":41}},"49":{"start":{"line":117,"column":12},"end":{"line":117,"column":101}},"50":{"start":{"line":120,"column":12},"end":{"line":123,"column":14}},"51":{"start":{"line":124,"column":12},"end":{"line":124,"column":41}},"52":{"start":{"line":125,"column":12},"end":{"line":125,"column":125}},"53":{"start":{"line":128,"column":8},"end":{"line":128,"column":39}},"54":{"start":{"line":129,"column":8},"end":{"line":129,"column":54}},"55":{"start":{"line":130,"column":8},"end":{"line":130,"column":96}},"56":{"start":{"line":132,"column":8},"end":{"line":132,"column":25}},"57":{"start":{"line":136,"column":0},"end":{"line":136,"column":24}}},"fnMap":{"0":{"name":"(anonymous_0)","decl":{"start":{"line":8,"column":42},"end":{"line":8,"column":43}},"loc":{"start":{"line":8,"column":62},"end":{"line":47,"column":1}},"line":8},"1":{"name":"(anonymous_1)","decl":{"start":{"line":24,"column":34},"end":{"line":24,"column":35}},"loc":{"start":{"line":24,"column":39},"end":{"line":24,"column":48}},"line":24},"2":{"name":"(anonymous_2)","decl":{"start":{"line":36,"column":43},"end":{"line":36,"column":44}},"loc":{"start":{"line":36,"column":52},"end":{"line":40,"column":9}},"line":36},"3":{"name":"(anonymous_3)","decl":{"start":{"line":39,"column":49},"end":{"line":39,"column":50}},"loc":{"start":{"line":39,"column":57},"end":{"line":39,"column":86}},"line":39},"4":{"name":"(anonymous_4)","decl":{"start":{"line":51,"column":40},"end":{"line":51,"column":41}},"loc":{"start":{"line":51,"column":60},"end":{"line":64,"column":1}},"line":51},"5":{"name":"(anonymous_5)","decl":{"start":{"line":69,"column":40},"end":{"line":69,"column":41}},"loc":{"start":{"line":69,"column":60},"end":{"line":134,"column":1}},"line":69},"6":{"name":"(anonymous_6)","decl":{"start":{"line":100,"column":26},"end":{"line":100,"column":27}},"loc":{"start":{"line":100,"column":37},"end":{"line":100,"column":62}},"line":100}},"branchMap":{"0":{"loc":{"start":{"line":19,"column":8},"end":{"line":21,"column":9}},"type":"if","locations":[{"start":{"line":19,"column":8},"end":{"line":21,"column":9}},{"start":{},"end":{}}],"line":19},"1":{"loc":{"start":{"line":73,"column":17},"end":{"line":73,"column":47}},"type":"cond-expr","locations":[{"start":{"line":73,"column":30},"end":{"line":73,"column":42}},{"start":{"line":73,"column":45},"end":{"line":73,"column":47}}],"line":73},"2":{"loc":{"start":{"line":84,"column":8},"end":{"line":86,"column":9}},"type":"if","locations":[{"start":{"line":84,"column":8},"end":{"line":86,"column":9}},{"start":{},"end":{}}],"line":84},"3":{"loc":{"start":{"line":105,"column":8},"end":{"line":126,"column":9}},"type":"if","locations":[{"start":{"line":105,"column":8},"end":{"line":126,"column":9}},{"start":{"line":118,"column":15},"end":{"line":126,"column":9}}],"line":105},"4":{"loc":{"start":{"line":130,"column":40},"end":{"line":130,"column":92}},"type":"binary-expr","locations":[{"start":
[...]
ne":225,"column":12},"end":{"line":227,"column":13}},"type":"if","locations":[{"start":{"line":225,"column":12},"end":{"line":227,"column":13}},{"start":{},"end":{}}],"line":225},"29":{"loc":{"start":{"line":238,"column":12},"end":{"line":251,"column":13}},"type":"if","locations":[{"start":{"line":238,"column":12},"end":{"line":251,"column":13}},{"start":{},"end":{}}],"line":238},"30":{"loc":{"start":{"line":238,"column":16},"end":{"line":238,"column":34}},"type":"binary-expr","locations":[{"start":{"line":238,"column":16},"end":{"line":238,"column":21}},{"start":{"line":238,"column":25},"end":{"line":238,"column":34}}],"line":238},"31":{"loc":{"start":{"line":288,"column":4},"end":{"line":291,"column":5}},"type":"if","locations":[{"start":{"line":288,"column":4},"end":{"line":291,"column":5}},{"start":{},"end":{}}],"line":288},"32":{"loc":{"start":{"line":302,"column":4},"end":{"line":302,"column":34}},"type":"if","locations":[{"start":{"line":302,"column":4},"end":{"line":302,"column":34}},{"start":{},"end":{}}],"line":302},"33":{"loc":{"start":{"line":306,"column":21},"end":{"line":306,"column":59}},"type":"binary-expr","locations":[{"start":{"line":306,"column":21},"end":{"line":306,"column":54}},{"start":{"line":306,"column":58},"end":{"line":306,"column":59}}],"line":306},"34":{"loc":{"start":{"line":317,"column":4},"end":{"line":337,"column":5}},"type":"if","locations":[{"start":{"line":317,"column":4},"end":{"line":337,"column":5}},{"start":{},"end":{}}],"line":317},"35":{"loc":{"start":{"line":321,"column":8},"end":{"line":327,"column":9}},"type":"if","locations":[{"start":{"line":321,"column":8},"end":{"line":327,"column":9}},{"start":{"line":324,"column":15},"end":{"line":327,"column":9}}],"line":321},"36":{"loc":{"start":{"line":340,"column":4},"end":{"line":348,"column":5}},"type":"if","locations":[{"start":{"line":340,"column":4},"end":{"line":348,"column":5}},{"start":{},"end":{}}],"line":340},"37":{"loc":{"start":{"line":350,"column":4},"end":{"line":379,"column":5}},"type":"if","locations":[{"start":{"line":350,"column":4},"end":{"line":379,"column":5}},{"start":{},"end":{}}],"line":350},"38":{"loc":{"start":{"line":389,"column":66},"end":{"line":389,"column":78}},"type":"default-arg","locations":[{"start":{"line":389,"column":77},"end":{"line":389,"column":78}}],"line":389},"39":{"loc":{"start":{"line":389,"column":80},"end":{"line":389,"column":98}},"type":"default-arg","locations":[{"start":{"line":389,"column":97},"end":{"line":389,"column":98}}],"line":389},"40":{"loc":{"start":{"line":392,"column":29},"end":{"line":392,"column":54}},"type":"binary-expr","locations":[{"start":{"line":392,"column":29},"end":{"line":392,"column":49}},{"start":{"line":392,"column":53},"end":{"line":392,"column":54}}],"line":392},"41":{"loc":{"start":{"line":393,"column":30},"end":{"line":393,"column":61}},"type":"binary-expr","locations":[{"start":{"line":393,"column":30},"end":{"line":393,"column":56}},{"start":{"line":393,"column":60},"end":{"line":393,"column":61}}],"line":393},"42":{"loc":{"start":{"line":394,"column":30},"end":{"line":394,"column":55}},"type":"binary-expr","locations":[{"start":{"line":394,"column":30},"end":{"line":394,"column":50}},{"start":{"line":394,"column":54},"end":{"line":394,"column":55}}],"line":394},"43":{"loc":{"start":{"line":395,"column":33},"end":{"line":395,"column":64}},"type":"binary-expr","locations":[{"start":{"line":395,"column":33},"end":{"line":395,"column":59}},{"start":{"line":395,"column":63},"end":{"line":395,"column":64}}],"line":395},"44":{"loc":{"start":{"line":398,"column":24},"end":{"line":398,"column":63}},"type":"cond-expr","locations":[{"start":{"line":398,"column":50},"end":{"line":398,"column":58}},{"start":{"line":398,"column":61},"end":{"line":398,"column":63}}],"line":398},"45":{"loc":{"start":{"line":407,"column":32},"end":{"line":407,"column":54}},"type":"binary-expr","locations":[{"start":{"line":407,"column":32},"end":{"line":407,"column":49}},{"start":{"line":407,"column":53},"end":{"line":407,"column":54}}],"line":407}},"s":{"0":1,"1":1,"2":2,"3":2,"4":2,"5":2,"6":2,"7":2,"8":2,"9":2,"10":2,"11":2,"12":2,"13":2,"14":2,"15":2,"16":1,"17":1,"18":1,"19":1,"20":1,"21":1,"22":1,"23":1,"24":1,"25":1,"26":1,"27":1,"28":1,"29":1,"30":0,"31":0,"32":0,"33":0,"34":0,"35":0,"36":0,"37":0,"38":0,"39":0,"40":0,"41":0,"42":0,"43":0,"44":0,"45":0,"46":0,"47":0,"48":0,"49":0,"50":0,"51":0,"52":0,"53":0,"54":0,"55":0,"56":0,"57":0,"58":0,"59":0,"60":0,"61":0,"62":0,"63":0,"64":0,"65":0,"66":0,"67":0,"68":0,"69":0,"70":0,"71":0,"72":0,"73":0,"74":0,"75":0,"76":0,"77":0,"78":0,"79":0,"80":0,"81":0,"82":0,"83":0,"84":0,"85":0,"86":0,"87":0,"88":0,"89":0,"90":0,"91":0,"92":0,"93":0,"94":0,"95":0,"96":0,"97":0,"98":0,"99":0,"100":0,"101":0,"102":0,"103":0,"104":0,"105":0,"106":0,"107":0,"108":0,"109":0,"110":0,"111":0,"112":0,"113":0,"114":0,"115":0,"116":0,"117":0,"118":1,"119":1,"120":1,"121":0,"122":0,"123":0,"124":2,"125":2,"126":2,"127":2,"128":2,"129":2,"130":2,"131":2,"132":1,"133":1,"134":1,"135":1,"136":1,"137":1,"138":0,"139":1,"140":1,"141":1,"142":1,"143":1,"144":1,"145":1,"146":1,"147":1,"148":1,"149":1,"150":1,"151":1,"152":1,"153":0,"154":0,"155":1,"156":1,"157":1,"158":1,"159":1,"160":0,"161":0,"162":0,"163":0,"164":1,"165":1,"166":1,"167":1,"168":1,"169":1,"170":1,"171":1,"172":1,"173":1,"174":3,"175":3,"176":3,"177":3,"178":3,"179":3,"180":3,"181":3,"182":2,"183":2,"184":3,"185":3,"186":1},"f":{"0":2,"1":1,"2":2,"3":1,"4":3,"5":2},"b":{"0":[2,0],"1":[0,2],"2":[0,2],"3":[1,1],"4":[1,0],"5":[0,0],"6":[0,0],"7":[0,0],"8":[0,0],"9":[0,0],"10":[0,0],"11":[0,0],"12":[0,0],"13":[0,0],"14":[0,0],"15":[0,0],"16":[0,0],"17":[0,0],"18":[0,0],"19":[0,0],"20":[0,0],"21":[0,0],"22":[0,0],"23":[0,0],"24":[0,0],"25":[0,0],"26":[0,0],"27":[0,0],"28":[0,0],"29":[0,0],"30":[0,0],"31":[1,1],"32":[0,1],"33":[1,0],"34":[1,0],"35":[1,0],"36":[0,1],"37":[1,0],"38":[0],"39":[0],"40":[3,1],"41":[3,1],"42":[3,1],"43":[3,1],"44":[2,1],"45":[2,0]},"_coverageSchema":"1a1c01bbd47fc00a2c39e90264f33305004495a9","hash":"c2d3ac548a5f4780fd15c58a2a64a81689a600bb"}
,"G:\\quanlychungcu\\backend\\utils\\mailer.js": {"path":"G:\\quanlychungcu\\backend\\utils\\mailer.js","statementMap":{"0":{"start":{"line":2,"column":19},"end":{"line":2,"column":40}},"1":{"start":{"line":5,"column":20},"end":{"line":12,"column":2}},"2":{"start":{"line":15,"column":30},"end":{"line":39,"column":1}},"3":{"start":{"line":17,"column":29},"end":{"line":17,"column":74}},"4":{"start":{"line":19,"column":24},"end":{"line":29,"column":5}},"5":{"start":{"line":31,"column":4},"end":{"line":38,"column":5}},"6":{"start":{"line":32,"column":8},"end":{"line":32,"column":48}},"7":{"start":{"line":33,"column":8},"end":{"line":33,"column":58}},"8":{"start":{"line":35,"column":8},"end":{"line":35,"column":53}},"9":{"start":{"line":37,"column":8},"end":{"line":37,"column":62}},"10":{"start":{"line":41,"column":31},"end":{"line":63,"column":1}},"11":{"start":{"line":42,"column":22},"end":{"line":42,"column":69}},"12":{"start":{"line":44,"column":24},"end":{"line":54,"column":5}},"13":{"start":{"line":56,"column":4},"end":{"line":62,"column":5}},"14":{"start":{"line":57,"column":8},"end":{"line":57,"column":48}},"15":{"start":{"line":58,"column":8},"end":{"line":58,"column":60}},"16":{"start":{"line":60,"column":8},"end":{"line":60,"column":68}},"17":{"start":{"line":61,"column":8},"end":{"line":61,"column":64}},"18":{"start":{"line":76,"column":25},"end":{"line":118,"column":1}},"19":{"start":{"line":77,"column":56},"end":{"line":77,"column":67}},"20":{"start":{"line":80,"column":28},"end":{"line":80,"column":103}},"21":{"start":{"line":81,"column":24},"end":{"line":81,"column":52}},"22":{"start":{"line":83,"column":24},"end":{"line":108,"column":5}},"23":{"start":{"line":110,"column":4},"end":{"line":117,"column":5}},"24":{"start":{"line":111,"column":8},"end":{"line":111,"column":48}},"25":{"start":{"line":112,"column":8},"end":{"line":112,"column":74}},"26":{"start":{"line":114,"column":8},"end":{"line":114,"column":81}},"27":{"start":{"line":116,"column":8},"end":{"line":116,"column":67}},"28":{"start":{"line":122,"column":0},"end":{"line":122,"column":85}}},"fnMap":{"0":{"name":"(anonymous_0)","decl":{"start":{"line":15,"column":30},"end":{"line":15,"column":31}},"loc":{"start":{"line":15,"column":54},"end":{"line":39,"column":1}},"line":15},"1":{"name":"(anonymous_1)","decl":{"start":{"line":41,"column":31},"end":{"line":41,"column":32}},"loc":{"start":{"line":41,"column":55},"end":{"line":63,"column":1}},"line":41},"2":{"name":"(anonymous_2)","decl":{"start":{"line":76,"column":25},"end":{"line":76,"column":26}},"loc":{"start":{"line":76,"column":65},"end":{"line":118,"column":1}},"line":76}},"branchMap":{},"s":{"0":2,"1":2,"2":2,"3":2,"4":2,"5":2,"6":2,"7":1,"8":1,"9":1,"10":2,"11":2,"12":2,"13":2,"14":2,"15":1,"16":1,"17":1,"18":2,"19":2,"20":2,"21":2,"22":2,"23":2,"24":2,"25":1,"26":1,"27":1,"28":2},"f":{"0":2,"1":2,"2":2},"b":{},"_coverageSchema":"1a1c01bbd47fc00a2c39e90264f33305004495a9","hash":"e70e5c4247c544f941d937446cc7a2c9527f16d5"}
,"G:\\quanlychungcu\\backend\\utils\\penaltyService.js": {"path":"G:\\quanlychungcu\\backend\\utils\\penaltyService.js","statementMap":{"0":{"start":{"line":2,"column":11},"end":{"line":2,"column":27}},"1":{"start":{"line":12,"column":4},"end":{"line":12,"column":71}},"2":{"start":{"line":13,"column":17},"end":{"line":13,"column":47}},"3":{"start":{"line":14,"column":19},"end":{"line":14,"column":39}},"4":{"start":{"line":16,"column":4},"end":{"line":172,"column":5}},"5":{"start":{"line":17,"column":8},"end":{"line":17,"column":36}},"6":{"start":{"line":20,"column":23},"end":{"line":20,"column":103}},"7":{"start":{"line":21,"column":28},"end":{"line":21,"column":29}},"8":{"start":{"line":22,"column":8},"end":{"line":26,"column":9}},"9":{"start":{"line":23,"column":12},"end":{"line":23,"column":61}},"10":{"start":{"line":25,"column":12},"end":{"line":25,"column":84}},"11":{"start":{"line":32,"column":28},"end":{"line":38,"column":9}},"12":{"start":{"line":40,"column":8},"end":{"line":70,"column":9}},"13":{"start":{"line":41,"column":12},"end":{"line":41,"column":85}},"14":{"start":{"line":42,"column":12},"end":{"line":69,"column":13}},"15":{"start":{"line":44,"column":33},"end":{"line":44,"column":78}},"16":{"start":{"line":47,"column":16},"end":{"line":52,"column":18}},"17":{"start":{"line":55,"column":16},"end":{"line":61,"column":17}},"18":{"start":{"line":56,"column":20},"end":{"line":60,"column":22}},"19":{"start":{"line":64,"column":28},"end":{"line":64,"column":148}},"20":{"start":{"line":65,"column":16},"end":{"line":68,"column":18}},"21":{"start":{"line":76,"column":28},"end":{"line":81,"column":9}},"22":{"start":{"line":83,"column":8},"end":{"line":113,"column":9}},"23":{"start":{"line":84,"column":12},"end":{"line":84,"column":85}},"24":{"start":{"line":85,"column":12},"end":{"line":112,"column":13}},"25":{"start":{"line":87,"column":33},"end":{"line":87,"column":78}},"26":{"start":{"line":90,"column":16},"end":{"line":95,"column":18}},"27":{"start":{"line":98,"column":16},"end":{"line":104,"column":17}},"28":{"start":{"line":99,"column":20},"end":{"line":103,"column":22}},"29":{"start":{"line":107,"column":28},"end":{"line":107,"column":148}},"30":{"start":{"line":108,"column":16},"end":{"line":111,"column":18}},"31":{"start":{"line":119,"column":28},"end":{"line":125,"column":9}},"32":{"start":{"line":127,"column":8},"end":{"line":162,"column":9}},"33":{"start":{"line":128,"column":12},"end":{"line":128,"column":105}},"34":{"start":{"line":131,"column":27},"end":{"line":131,"column":90}},"35":{"start":{"line":133,"column":12},"end":{"line":161,"column":13}},"36":{"start":{"line":135,"column":16},"end":{"line":138,"column":18}},"37":{"start":{"line":141,"column":16},"end":{"line":144,"column":18}},"38":{"start":{"line":147,"column":32},"end":{"line":147,"column":167}},"39":{"start":{"line":148,"column":16},"end":{"line":151,"column":18}},"40":{"start":{"line":154,"column":33},"end":{"line":154,"column":154}},"41":{"start":{"line":155,"column":16},"end":{"line":160,"column":17}},"42":{"start":{"line":156,"column":20},"end":{"line":159,"column":22}},"43":{"start":{"line":164,"column":8},"end":{"line":164,"column":37}},"44":{"start":{"line":165,"column":8},"end":{"line":165,"column":83}},"45":{"start":{"line":168,"column":8},"end":{"line":168,"column":39}},"46":{"start":{"line":169,"column":8},"end":{"line":169,"column":78}},"47":{"start":{"line":171,"column":8},"end":{"line":171,"column":25}},"48":{"start":{"line":181,"column":4},"end":{"line":181,"column":91}},"49":{"start":{"line":183,"column":25},"end":{"line":202,"column":1}},"50":{"start":{"line":185,"column":4},"end":{"line":187,"column":5}},"51":{"start":{"line":186,"column":8},"end":{"line":186,"column":17}},"52":{"start":{"line":190,"column":22},"end":{"line":190,"column":23}},"53":{"start":{"line":192,"column":4},"end":{"line":198,"column":5}},"54":{"start":{"line":193,"column":8},"end":{"line":193,"column":24}},"55":{"start":{"line":194,"column":11},"end":{"line":198,"column":5}},"56":{"start":{"line":195,"column":8},"end":{"line":195,"column":27}},"57":{"start":{"line":197,"column":8},"end":{"line":197,"column":26}},"58":{"start":{"line":201,"column":4},"end":{"line":201,"column":48}},"59":{"start":{"line":203,"column":0},"end":{"line":207,"column":2}}},"fnMap":{"0":{"name":"applyLateFees","decl":{"start":{"line":11,"column":15},"end":{"line":11,"column":28}},"loc":{"start":{"line":11,"column":31},"end":{"line":173,"column":1}},"line":11},"1":{"name":"notifyAdminOverdueBills","decl":{"start":{"line":179,"column":15},"end":{"line":179,"column":38}},"loc":{"start":{"line":179,"column":41},"end":{"line":182,"column":1}},"line":179},"2":{"name":"(anonymous_2)","decl":{"start":{"line":183,"column":25},"end":{"line":183,"column":26}},"loc":{"start":{"line":183,"column":51},"end":{"line":202,"column":1}},"line":183}},"branchMap":{"0":{"loc":{"start":{"line":13,"column":17},"end":{"line":13,"column":47}},"type":"cond-expr","locations":[{"start":{"line":13,"column":30},"end":{"line":13,"column":42}},{"start":{"line":13,"column":45},"end":{"line":13,"column":47}}],"line":13},"1":{"loc":{"start":{"line":22,"column":8},"end":{"line":26,"column":9}},"type":"if","locations":[{"start":{"line":22,"column":8},"end":{"line":26,"column":9}},{"start":{"line":24,"column":15},"end":{"line":26,"column":9}}],"line":22},"2":{"loc":{"start":{"line":40,"column":8},"end":{"line":70,"column":9}},"type":"if","locations":[{"start":{"line":40,"column":8},"end":{"line":70,"column":9}},{"start":{},"end":{}}],"line":40},"3":{"loc":{"start":{"line":55,"column":16},"end":{"line":61,"column":17}},"type":"if","locations":[{"start":{"line":55,"column":16},"end":{"line":61,"column":17}},{"start":{},"end":{}}],"line":55},"4":{"loc":{"start":{"line":83,"column":8},"end":{"line":113,"column":9}},"type":"if","locations":[{"start":{"line":83,"column":8},"end":{"line":113,"column":9}},{"start":{},"end":{}}],"line":83},"5":{"loc":{"start":{"line":98,"column":16},"end":{"line":104,"column":17}},"type":"if","locations":[{"start":{"line":98,"column":16},"end":{"line":104,"column":17}},{"start":{},"end":{}}],"line":98},"6":{"loc":{"start":{"line":127,"column":8},"end":{"line":162,"column":9}},"type":"if","locations":[{"start":{"line":127,"column":8},"end":{"line":162,"column":9}},{"start":{},"end":{}}],"line":127},"7":{"loc":{"start":{"line":185,"column":4},"end":{"line":187,"column":5}},"type":"if","locations":[{"start":{"line":185,"column":4},"end":{"line":187,"column":5}},{"start":{},"end":{}}],"line":185},"8":{"loc":{"start":{"line":185,"column":8},"end":{"line":185,"column":38}},"type":"binary-expr","locations":[{"start":{"line":185,"column":8},"end":{"line":185,"column":22}},{"start":{"line":185,"column":26},"end":{"line":185,"column":38}}],"line":185},"9":{"loc":{"start":{"line":192,"column":4},"end":{"line":198,"column":5}},"type":"if","locations":[{"start":{"line":192,"column":4},"end":{"line":198,"column":5}},{"start":{"line":194,"column":11},"end":{"line":198,"column":5}}],"line":192},"10":{"loc":{"start":{"line":194,"column":11},"end":{"line":198,"column":5}},"type":"if","locations":[{"start":{"line":194,"column":11},"end":{"line":198,"column":5}},{"start":{"line":196,"column":11},"end":{"line":198,"column":5}}],"line":194}},"s":{"0":1,"1":4,"2":4,"3":4,"4":4,"5":4,"6":4,"7":3,"8":3,"9":3,"10":0,"11":3,"12":3,"13":1,"14":1,"15":1,"16":1,"17":1,"18":1,"19":1,"20":1,"21":3,"22":3,"23":1,"24":1,"25":1,"26":1,"27":1,"28":1,"29":1,"30":1,"31":3,"32":3,"33":1,"34":1,"35":1,"36":1,"37":1,"38":1,"39":1,"40":1,"41":1,"42":1,"43":3,"44":3,"45":1,"46":1,"47":4,"48":1,"49":1,"50":9,"51":2,"52":7,"53":7,"54":3,"55":4,"56":2,"57":2,"58":7,"59":1},"f":{"0":4,"1":1,"2":9},"b":{"0":[4,0],"1":[3,0],"2":[1,2],"3":[1,0],"4":[1,2],"5":[1,0],"6":[1,2],"7":[2,7],"8":[9,8],"9":[3,4],"10":[2,2]},"_coverageSchema":"1a1c01bbd47fc00a2c39e90264f33305004495a9","hash":"e41a1801279972af0b2b7d0d6dd29aef821a2bdd"}
,"G:\\quanlychungcu\\backend\\utils\\validationUtils.js": {"path":"G:\\quanlychungcu\\backend\\utils\\validationUtils.js","statementMap":{"0":{"start":{"line":7,"column":21},"end":{"line":12,"column":1}},"1":{"start":{"line":8,"column":4},"end":{"line":8,"column":29}},"2":{"start":{"line":8,"column":16},"end":{"line":8,"column":29}},"3":{"start":{"line":10,"column":18},"end":{"line":10,"column":46}},"4":{"start":{"line":11,"column":4},"end":{"line":11,"column":29}},"5":{"start":{"line":18,"column":25},"end":{"line":22,"column":1}},"6":{"start":{"line":19,"column":4},"end":{"line":19,"column":32}},"7":{"start":{"line":19,"column":19},"end":{"line":19,"column":32}},"8":{"start":{"line":20,"column":4},"end":{"line":20,"column":42}},"9":{"start":{"line":20,"column":29},"end":{"line":20,"column":42}},"10":{"start":{"line":21,"column":4},"end":{"line":21,"column":16}},"11":{"start":{"line":28,"column":27},"end":{"line":33,"column":1}},"12":{"start":{"line":29,"column":4},"end":{"line":29,"column":29}},"13":{"start":{"line":29,"column":16},"end":{"line":29,"column":29}},"14":{"start":{"line":31,"column":18},"end":{"line":31,"column":28}},"15":{"start":{"line":32,"column":4},"end":{"line":32,"column":29}},"16":{"start":{"line":35,"column":0},"end":{"line":39,"column":2}}},"fnMap":{"0":{"name":"(anonymous_0)","decl":{"start":{"line":7,"column":21},"end":{"line":7,"column":22}},"loc":{"start":{"line":7,"column":32},"end":{"line":12,"column":1}},"line":7},"1":{"name":"(anonymous_1)","decl":{"start":{"line":18,"column":25},"end":{"line":18,"column":26}},"loc":{"start":{"line":18,"column":39},"end":{"line":22,"column":1}},"line":18},"2":{"name":"(anonymous_2)","decl":{"start":{"line":28,"column":27},"end":{"line":28,"column":28}},"loc":{"start":{"line":28,"column":38},"end":{"line":33,"column":1}},"line":28}},"branchMap":{"0":{"loc":{"start":{"line":8,"column":4},"end":{"line":8,"column":29}},"type":"if","locations":[{"start":{"line":8,"column":4},"end":{"line":8,"column":29}},{"start":{},"end":{}}],"line":8},"1":{"loc":{"start":{"line":19,"column":4},"end":{"line":19,"column":32}},"type":"if","locations":[{"start":{"line":19,"column":4},"end":{"line":19,"column":32}},{"start":{},"end":{}}],"line":19},"2":{"loc":{"start":{"line":20,"column":4},"end":{"line":20,"column":42}},"type":"if","locations":[{"start":{"line":20,"column":4},"end":{"line":20,"column":42}},{"start":{},"end":{}}],"line":20},"3":{"loc":{"start":{"line":29,"column":4},"end":{"line":29,"column":29}},"type":"if","locations":[{"start":{"line":29,"column":4},"end":{"line":29,"column":29}},{"start":{},"end":{}}],"line":29}},"s":{"0":1,"1":11,"2":3,"3":8,"4":8,"5":1,"6":9,"7":3,"8":6,"9":3,"10":3,"11":1,"12":12,"13":3,"14":9,"15":9,"16":1},"f":{"0":11,"1":9,"2":12},"b":{"0":[3,8],"1":[3,6],"2":[3,3],"3":[3,9]},"_coverageSchema":"1a1c01bbd47fc00a2c39e90264f33305004495a9","hash":"1b6796768647964ca7e37bd24d3074718e44b2d5"}
}
