TN:
SF:db.js
FN:14,(anonymous_0)
FN:15,(anonymous_1)
FNF:2
FNH:2
FNDA:1,(anonymous_0)
FNDA:1,(anonymous_1)
DA:2,6
DA:3,6
DA:5,6
DA:13,6
DA:14,1
DA:15,1
LF:6
LH:6
BRF:0
BRH:0
end_of_record
TN:
SF:middleware\authMiddleware.js
FN:4,(anonymous_0)
FN:54,(anonymous_1)
FNF:2
FNH:2
FNDA:6,(anonymous_0)
FNDA:3,(anonymous_1)
DA:1,1
DA:2,1
DA:4,1
DA:7,6
DA:8,5
DA:10,5
DA:13,5
DA:16,4
DA:21,4
DA:22,3
DA:26,3
DA:27,1
DA:33,2
DA:34,1
DA:37,1
DA:38,1
DA:40,1
DA:44,1
DA:45,1
DA:49,4
DA:50,1
DA:54,1
DA:55,3
DA:56,1
DA:58,2
DA:62,1
LF:26
LH:26
BRDA:7,0,0,5
BRDA:7,0,1,1
BRDA:7,1,0,6
BRDA:7,1,1,5
BRDA:21,2,0,3
BRDA:21,2,1,1
BRDA:26,3,0,1
BRDA:26,3,1,2
BRDA:33,4,0,1
BRDA:33,4,1,1
BRDA:49,5,0,1
BRDA:49,5,1,3
BRDA:55,6,0,1
BRDA:55,6,1,2
BRDA:55,7,0,3
BRDA:55,7,1,2
BRF:16
BRH:16
end_of_record
TN:
SF:routes\admin.js
FN:11,(anonymous_0)
FN:20,(anonymous_1)
FN:34,(anonymous_2)
FN:61,(anonymous_3)
FN:234,(anonymous_4)
FN:272,(anonymous_5)
FN:284,(anonymous_6)
FN:294,(anonymous_7)
FN:309,(anonymous_8)
FN:368,(anonymous_9)
FN:433,(anonymous_10)
FN:463,(anonymous_11)
FN:482,(anonymous_12)
FN:520,(anonymous_13)
FN:542,(anonymous_14)
FN:555,(anonymous_15)
FN:574,(anonymous_16)
FN:589,(anonymous_17)
FN:599,(anonymous_18)
FNF:19
FNH:5
FNDA:0,(anonymous_0)
FNDA:1,(anonymous_1)
FNDA:0,(anonymous_2)
FNDA:0,(anonymous_3)
FNDA:2,(anonymous_4)
FNDA:0,(anonymous_5)
FNDA:0,(anonymous_6)
FNDA:0,(anonymous_7)
FNDA:2,(anonymous_8)
FNDA:2,(anonymous_9)
FNDA:0,(anonymous_10)
FNDA:0,(anonymous_11)
FNDA:1,(anonymous_12)
FNDA:0,(anonymous_13)
FNDA:0,(anonymous_14)
FNDA:0,(anonymous_15)
FNDA:0,(anonymous_16)
FNDA:0,(anonymous_17)
FNDA:0,(anonymous_18)
DA:1,8
DA:2,8
DA:3,8
DA:4,8
DA:6,8
DA:7,8
DA:9,8
DA:11,8
DA:12,0
DA:13,0
DA:20,8
DA:21,1
DA:22,1
DA:26,1
DA:28,0
DA:29,0
DA:34,8
DA:35,0
DA:36,0
DA:38,0
DA:39,0
DA:42,0
DA:43,0
DA:48,0
DA:49,0
DA:52,0
DA:53,0
DA:56,0
DA:57,0
DA:61,8
DA:62,0
DA:63,0
DA:64,0
DA:66,0
DA:67,0
DA:69,0
DA:70,0
DA:71,0
DA:72,0
DA:74,0
DA:75,0
DA:78,0
DA:79,0
DA:80,0
DA:84,0
DA:85,0
DA:88,0
DA:89,0
DA:90,0
DA:92,0
DA:94,0
DA:95,0
DA:99,0
DA:100,0
DA:103,0
DA:106,0
DA:112,0
DA:118,0
DA:119,0
DA:120,0
DA:122,0
DA:123,0
DA:124,0
DA:126,0
DA:127,0
DA:128,0
DA:130,0
DA:131,0
DA:132,0
DA:133,0
DA:135,0
DA:136,0
DA:137,0
DA:138,0
DA:141,0
DA:142,0
DA:143,0
DA:146,0
DA:147,0
DA:148,0
DA:149,0
DA:150,0
DA:154,0
DA:156,0
DA:158,0
DA:159,0
DA:162,0
DA:167,0
DA:169,0
DA:172,0
DA:173,0
DA:174,0
DA:177,0
DA:178,0
DA:180,0
DA:183,0
DA:186,0
DA:187,0
DA:189,0
DA:193,0
DA:194,0
DA:200,0
DA:202,0
DA:203,0
DA:209,0
DA:210,0
DA:211,0
DA:212,0
DA:217,0
DA:222,0
DA:223,0
DA:226,0
DA:227,0
DA:228,0
DA:230,0
DA:234,8
DA:235,2
DA:236,2
DA:237,2
DA:238,2
DA:241,2
DA:242,2
DA:243,1
DA:244,1
DA:248,1
DA:249,1
DA:250,0
DA:251,0
DA:255,1
DA:257,1
DA:258,1
DA:260,0
DA:261,0
DA:262,0
DA:264,2
DA:272,8
DA:273,0
DA:274,0
DA:277,0
DA:279,0
DA:280,0
DA:284,8
DA:285,0
DA:286,0
DA:287,0
DA:289,0
DA:290,0
DA:294,8
DA:295,0
DA:296,0
DA:297,0
DA:301,0
DA:303,0
DA:304,0
DA:309,8
DA:310,2
DA:311,2
DA:312,2
DA:313,2
DA:314,2
DA:319,2
DA:320,1
DA:321,1
DA:325,1
DA:328,1
DA:330,1
DA:333,1
DA:339,1
DA:340,1
DA:341,1
DA:346,0
DA:350,1
DA:351,1
DA:353,0
DA:356,1
DA:357,1
DA:359,0
DA:360,0
DA:361,0
DA:363,2
DA:368,8
DA:369,2
DA:371,2
DA:372,0
DA:375,2
DA:376,2
DA:377,2
DA:380,2
DA:381,2
DA:382,0
DA:383,0
DA:386,2
DA:387,2
DA:388,1
DA:389,1
DA:392,1
DA:395,1
DA:398,1
DA:401,1
DA:404,1
DA:410,1
DA:411,1
DA:412,1
DA:417,0
DA:420,1
DA:421,1
DA:424,0
DA:425,0
DA:426,0
DA:428,2
DA:433,8
DA:434,0
DA:435,0
DA:437,0
DA:463,0
DA:471,0
DA:473,0
DA:474,0
DA:482,8
DA:483,1
DA:484,1
DA:486,1
DA:487,0
DA:490,1
DA:491,1
DA:496,1
DA:498,1
DA:499,1
DA:500,1
DA:501,1
DA:503,1
DA:509,0
DA:513,1
DA:515,0
DA:516,0
DA:520,8
DA:521,0
DA:523,0
DA:524,0
DA:525,0
DA:528,0
DA:529,0
DA:535,0
DA:537,0
DA:538,0
DA:542,8
DA:543,0
DA:544,0
DA:545,0
DA:546,0
DA:548,0
DA:550,0
DA:551,0
DA:555,8
DA:556,0
DA:557,0
DA:559,0
DA:560,0
DA:564,0
DA:565,0
DA:567,0
DA:569,0
DA:570,0
DA:574,8
DA:575,0
DA:576,0
DA:577,0
DA:578,0
DA:580,0
DA:581,0
DA:589,8
DA:590,0
DA:591,0
DA:592,0
DA:594,0
DA:595,0
DA:599,8
DA:600,0
DA:601,0
DA:603,0
DA:604,0
DA:607,0
DA:608,0
DA:616,0
DA:617,0
DA:620,0
DA:622,0
DA:623,0
DA:627,8
LF:289
LH:97
BRDA:38,0,0,0
BRDA:38,0,1,0
BRDA:48,1,0,0
BRDA:48,1,1,0
BRDA:52,2,0,0
BRDA:52,2,1,0
BRDA:70,3,0,0
BRDA:70,3,1,0
BRDA:78,4,0,0
BRDA:78,4,1,0
BRDA:78,5,0,0
BRDA:78,5,1,0
BRDA:84,6,0,0
BRDA:84,6,1,0
BRDA:84,7,0,0
BRDA:84,7,1,0
BRDA:89,8,0,0
BRDA:89,8,1,0
BRDA:122,9,0,0
BRDA:122,9,1,0
BRDA:126,10,0,0
BRDA:126,10,1,0
BRDA:126,11,0,0
BRDA:126,11,1,0
BRDA:130,12,0,0
BRDA:130,12,1,0
BRDA:130,13,0,0
BRDA:130,13,1,0
BRDA:131,14,0,0
BRDA:131,14,1,0
BRDA:141,15,0,0
BRDA:141,15,1,0
BRDA:141,16,0,0
BRDA:141,16,1,0
BRDA:147,17,0,0
BRDA:147,17,1,0
BRDA:154,18,0,0
BRDA:154,18,1,0
BRDA:156,19,0,0
BRDA:156,19,1,0
BRDA:156,20,0,0
BRDA:156,20,1,0
BRDA:158,21,0,0
BRDA:158,21,1,0
BRDA:167,22,0,0
BRDA:167,22,1,0
BRDA:173,23,0,0
BRDA:173,23,1,0
BRDA:242,24,0,1
BRDA:242,24,1,1
BRDA:249,25,0,0
BRDA:249,25,1,1
BRDA:319,26,0,1
BRDA:319,26,1,1
BRDA:371,27,0,0
BRDA:371,27,1,2
BRDA:381,28,0,0
BRDA:381,28,1,2
BRDA:387,29,0,1
BRDA:387,29,1,1
BRDA:465,30,0,0
BRDA:465,30,1,0
BRDA:466,31,0,0
BRDA:466,31,1,0
BRDA:467,32,0,0
BRDA:467,32,1,0
BRDA:468,33,0,0
BRDA:468,33,1,0
BRDA:486,34,0,0
BRDA:486,34,1,1
BRDA:486,35,0,1
BRDA:486,35,1,1
BRDA:493,36,0,1
BRDA:493,36,1,1
BRDA:493,37,0,1
BRDA:493,37,1,1
BRDA:498,38,0,1
BRDA:498,38,1,0
BRDA:524,39,0,0
BRDA:524,39,1,0
BRDA:545,40,0,0
BRDA:545,40,1,0
BRDA:564,41,0,0
BRDA:564,41,1,0
BRDA:603,42,0,0
BRDA:603,42,1,0
BRDA:603,43,0,0
BRDA:603,43,1,0
BRDA:603,43,2,0
BRDA:616,44,0,0
BRDA:616,44,1,0
BRF:91
BRH:17
end_of_record
TN:
SF:routes\amenityAdmin.js
FN:7,(anonymous_0)
FN:23,(anonymous_1)
FN:40,(anonymous_2)
FN:57,(anonymous_3)
FN:104,(anonymous_4)
FNF:5
FNH:4
FNDA:2,(anonymous_0)
FNDA:1,(anonymous_1)
FNDA:1,(anonymous_2)
FNDA:3,(anonymous_3)
FNDA:0,(anonymous_4)
DA:1,7
DA:2,7
DA:3,7
DA:4,7
DA:7,7
DA:8,2
DA:9,2
DA:15,2
DA:16,1
DA:18,1
DA:23,7
DA:24,1
DA:25,1
DA:26,1
DA:27,1
DA:33,1
DA:35,0
DA:40,7
DA:41,1
DA:42,1
DA:49,1
DA:50,1
DA:52,0
DA:57,7
DA:58,3
DA:60,3
DA:61,1
DA:64,2
DA:66,2
DA:71,2
DA:72,1
DA:75,1
DA:78,1
DA:79,1
DA:82,1
DA:83,1
DA:84,1
DA:85,1
DA:87,1
DA:92,0
DA:96,1
DA:98,0
DA:99,0
DA:104,7
DA:105,0
DA:108,7
LF:46
LH:40
BRDA:60,0,0,1
BRDA:60,0,1,2
BRDA:71,1,0,1
BRDA:71,1,1,1
BRDA:79,2,0,1
BRDA:79,2,1,0
BRF:6
BRH:5
end_of_record
TN:
SF:routes\amenityUser.js
FN:7,(anonymous_0)
FN:25,(anonymous_1)
FN:44,(anonymous_2)
FN:122,(anonymous_3)
FNF:4
FNH:3
FNDA:1,(anonymous_0)
FNDA:0,(anonymous_1)
FNDA:4,(anonymous_2)
FNDA:3,(anonymous_3)
DA:1,8
DA:2,8
DA:3,8
DA:4,8
DA:7,8
DA:8,1
DA:9,1
DA:16,1
DA:17,1
DA:19,0
DA:20,0
DA:25,8
DA:26,0
DA:27,0
DA:28,0
DA:35,0
DA:36,0
DA:38,0
DA:39,0
DA:44,8
DA:45,4
DA:46,4
DA:48,4
DA:49,4
DA:50,4
DA:51,1
DA:54,3
DA:55,3
DA:56,3
DA:57,3
DA:58,1
DA:61,2
DA:66,2
DA:67,0
DA:70,2
DA:77,2
DA:78,1
DA:81,1
DA:87,1
DA:88,1
DA:89,1
DA:91,1
DA:92,1
DA:93,1
DA:94,1
DA:96,1
DA:98,1
DA:104,1
DA:105,1
DA:106,1
DA:108,1
DA:113,1
DA:116,0
DA:117,0
DA:122,8
DA:123,3
DA:124,3
DA:126,3
DA:129,3
DA:135,3
DA:136,1
DA:139,2
DA:140,2
DA:141,2
DA:142,2
DA:145,2
DA:146,1
DA:154,1
DA:162,1
DA:163,1
DA:164,1
DA:166,1
DA:167,1
DA:168,1
DA:169,1
DA:170,1
DA:172,1
DA:173,1
DA:179,0
DA:182,1
DA:184,0
DA:185,0
DA:189,8
LF:83
LH:68
BRDA:26,0,0,0
BRDA:26,0,1,0
BRDA:45,1,0,4
BRDA:45,1,1,0
BRDA:50,2,0,1
BRDA:50,2,1,3
BRDA:57,3,0,1
BRDA:57,3,1,2
BRDA:66,4,0,0
BRDA:66,4,1,2
BRDA:77,5,0,1
BRDA:77,5,1,1
BRDA:88,6,0,1
BRDA:88,6,1,0
BRDA:89,7,0,1
BRDA:89,7,1,0
BRDA:94,8,0,0
BRDA:94,8,1,1
BRDA:123,9,0,3
BRDA:123,9,1,0
BRDA:124,10,0,3
BRDA:124,10,1,0
BRDA:135,11,0,1
BRDA:135,11,1,2
BRDA:145,12,0,1
BRDA:145,12,1,1
BRDA:164,13,0,1
BRDA:164,13,1,0
BRF:28
BRH:18
end_of_record
TN:
SF:routes\auth.js
FN:13,(anonymous_0)
FN:20,(anonymous_1)
FN:57,(anonymous_2)
FN:96,(anonymous_3)
FN:142,(anonymous_4)
FN:161,(anonymous_5)
FN:183,(anonymous_6)
FNF:7
FNH:5
FNDA:3,(anonymous_0)
FNDA:4,(anonymous_1)
FNDA:1,(anonymous_2)
FNDA:3,(anonymous_3)
FNDA:0,(anonymous_4)
FNDA:0,(anonymous_5)
FNDA:2,(anonymous_6)
DA:1,1
DA:2,1
DA:3,1
DA:4,1
DA:5,1
DA:8,1
DA:10,1
DA:13,1
DA:15,3
DA:16,3
DA:20,1
DA:22,4
DA:25,4
DA:26,1
DA:28,3
DA:29,1
DA:33,2
DA:34,2
DA:35,2
DA:36,1
DA:38,1
DA:39,1
DA:40,1
DA:43,1
DA:48,1
DA:49,1
DA:51,0
DA:52,0
DA:57,1
DA:58,1
DA:59,1
DA:60,1
DA:62,1
DA:63,0
DA:66,1
DA:69,1
DA:72,1
DA:73,1
DA:74,1
DA:75,1
DA:77,1
DA:78,1
DA:84,0
DA:87,1
DA:90,0
DA:91,0
DA:96,1
DA:97,3
DA:98,3
DA:99,0
DA:101,3
DA:102,3
DA:103,3
DA:104,0
DA:106,3
DA:109,3
DA:110,1
DA:113,2
DA:114,0
DA:116,2
DA:117,2
DA:118,1
DA:122,1
DA:134,1
DA:136,0
DA:137,0
DA:142,1
DA:143,0
DA:144,0
DA:145,0
DA:146,0
DA:147,0
DA:149,0
DA:150,0
DA:151,0
DA:152,0
DA:153,0
DA:155,0
DA:156,0
DA:161,1
DA:162,0
DA:163,0
DA:164,0
DA:165,0
DA:167,0
DA:168,0
DA:169,0
DA:170,0
DA:172,0
DA:173,0
DA:174,0
DA:175,0
DA:177,0
DA:178,0
DA:183,1
DA:184,2
DA:185,2
DA:186,0
DA:188,2
DA:189,2
DA:190,2
DA:191,0
DA:193,2
DA:194,2
DA:195,1
DA:197,1
DA:198,1
DA:199,0
DA:201,1
DA:210,1
DA:215,0
DA:216,0
DA:220,1
LF:113
LH:71
BRDA:25,0,0,1
BRDA:25,0,1,3
BRDA:25,1,0,4
BRDA:25,1,1,4
BRDA:25,1,2,4
BRDA:25,1,3,4
BRDA:28,2,0,1
BRDA:28,2,1,2
BRDA:35,3,0,1
BRDA:35,3,1,1
BRDA:62,4,0,0
BRDA:62,4,1,1
BRDA:98,5,0,0
BRDA:98,5,1,3
BRDA:98,6,0,3
BRDA:98,6,1,3
BRDA:103,7,0,0
BRDA:103,7,1,3
BRDA:109,8,0,1
BRDA:109,8,1,2
BRDA:113,9,0,0
BRDA:113,9,1,2
BRDA:117,10,0,1
BRDA:117,10,1,1
BRDA:128,11,0,1
BRDA:128,11,1,1
BRDA:129,12,0,1
BRDA:129,12,1,0
BRDA:146,13,0,0
BRDA:146,13,1,0
BRDA:164,14,0,0
BRDA:164,14,1,0
BRDA:169,15,0,0
BRDA:169,15,1,0
BRDA:185,16,0,0
BRDA:185,16,1,2
BRDA:185,17,0,2
BRDA:185,17,1,2
BRDA:190,18,0,0
BRDA:190,18,1,2
BRDA:194,19,0,1
BRDA:194,19,1,1
BRDA:198,20,0,0
BRDA:198,20,1,1
BRF:44
BRH:30
end_of_record
TN:
SF:routes\billUser.js
FN:8,(anonymous_0)
FN:24,(anonymous_1)
FN:36,(anonymous_2)
FN:39,(anonymous_3)
FN:51,(anonymous_4)
FN:69,(anonymous_5)
FN:100,(anonymous_6)
FNF:7
FNH:7
FNDA:2,(anonymous_0)
FNDA:2,(anonymous_1)
FNDA:2,(anonymous_2)
FNDA:6,(anonymous_3)
FNDA:1,(anonymous_4)
FNDA:3,(anonymous_5)
FNDA:2,(anonymous_6)
DA:1,6
DA:2,6
DA:3,6
DA:4,6
DA:8,6
DA:9,2
DA:10,2
DA:12,2
DA:19,2
DA:20,1
DA:23,1
DA:24,2
DA:30,1
DA:36,2
DA:39,6
DA:42,1
DA:44,0
DA:45,0
DA:51,6
DA:52,1
DA:53,1
DA:55,1
DA:59,1
DA:61,0
DA:62,0
DA:69,6
DA:70,3
DA:71,3
DA:73,3
DA:74,3
DA:76,3
DA:77,3
DA:80,3
DA:84,3
DA:85,1
DA:87,2
DA:88,2
DA:91,2
DA:92,2
DA:97,2
DA:100,2
DA:103,2
DA:105,2
DA:107,1
DA:112,1
DA:116,1
DA:117,1
DA:120,1
DA:124,1
DA:125,1
DA:128,1
DA:129,1
DA:130,1
DA:132,3
DA:136,6
LF:55
LH:51
BRDA:19,0,0,1
BRDA:19,0,1,1
BRDA:73,1,0,3
BRDA:73,1,1,0
BRDA:84,2,0,1
BRDA:84,2,1,2
BRDA:105,3,0,1
BRDA:105,3,1,1
BRDA:130,4,0,1
BRDA:130,4,1,0
BRF:10
BRH:8
end_of_record
TN:
SF:routes\profile.js
FN:10,(anonymous_0)
FN:34,(anonymous_1)
FN:49,(anonymous_2)
FN:80,(anonymous_3)
FNF:4
FNH:4
FNDA:2,(anonymous_0)
FNDA:1,(anonymous_1)
FNDA:2,(anonymous_2)
FNDA:4,(anonymous_3)
DA:2,9
DA:3,9
DA:4,9
DA:5,9
DA:6,9
DA:10,9
DA:11,2
DA:12,2
DA:14,2
DA:22,2
DA:23,1
DA:25,1
DA:27,0
DA:28,0
DA:34,9
DA:35,1
DA:36,1
DA:37,1
DA:38,1
DA:40,1
DA:43,0
DA:49,9
DA:50,2
DA:51,2
DA:53,2
DA:54,1
DA:57,1
DA:59,1
DA:64,1
DA:65,0
DA:68,1
DA:74,0
DA:75,0
DA:80,9
DA:81,4
DA:82,4
DA:84,4
DA:85,0
DA:87,4
DA:88,1
DA:90,3
DA:91,1
DA:94,2
DA:95,2
DA:96,2
DA:97,0
DA:99,2
DA:100,2
DA:101,2
DA:102,1
DA:105,1
DA:106,1
DA:107,1
DA:108,1
DA:110,0
DA:111,0
DA:115,9
LF:57
LH:47
BRDA:22,0,0,1
BRDA:22,0,1,1
BRDA:38,1,0,0
BRDA:38,1,1,1
BRDA:53,2,0,1
BRDA:53,2,1,1
BRDA:64,3,0,0
BRDA:64,3,1,1
BRDA:84,4,0,0
BRDA:84,4,1,4
BRDA:84,5,0,4
BRDA:84,5,1,4
BRDA:84,5,2,4
BRDA:87,6,0,1
BRDA:87,6,1,3
BRDA:90,7,0,1
BRDA:90,7,1,2
BRDA:96,8,0,0
BRDA:96,8,1,2
BRDA:101,9,0,1
BRDA:101,9,1,1
BRF:21
BRH:17
end_of_record
TN:
SF:routes\services.js
FN:10,(anonymous_0)
FN:18,(anonymous_1)
FN:22,(anonymous_2)
FN:35,(anonymous_3)
FN:67,(anonymous_4)
FN:99,(anonymous_5)
FN:114,(anonymous_6)
FN:132,(anonymous_7)
FN:188,(anonymous_8)
FN:197,(anonymous_9)
FN:245,(anonymous_10)
FN:261,(anonymous_11)
FN:349,(anonymous_12)
FN:444,(anonymous_13)
FN:492,(anonymous_14)
FNF:15
FNH:10
FNDA:1,(anonymous_0)
FNDA:2,(anonymous_1)
FNDA:6,(anonymous_2)
FNDA:1,(anonymous_3)
FNDA:0,(anonymous_4)
FNDA:0,(anonymous_5)
FNDA:0,(anonymous_6)
FNDA:2,(anonymous_7)
FNDA:1,(anonymous_8)
FNDA:0,(anonymous_9)
FNDA:1,(anonymous_10)
FNDA:0,(anonymous_11)
FNDA:2,(anonymous_12)
FNDA:1,(anonymous_13)
FNDA:1,(anonymous_14)
DA:1,7
DA:2,7
DA:3,7
DA:4,7
DA:5,7
DA:6,7
DA:7,7
DA:10,7
DA:11,1
DA:12,1
DA:16,1
DA:17,1
DA:18,1
DA:19,2
DA:20,2
DA:22,1
DA:23,6
DA:24,4
DA:27,1
DA:29,0
DA:30,0
DA:35,7
DA:36,1
DA:37,1
DA:38,1
DA:46,1
DA:48,1
DA:53,1
DA:55,1
DA:56,1
DA:59,1
DA:61,0
DA:62,0
DA:67,7
DA:68,0
DA:70,0
DA:71,0
DA:74,0
DA:75,0
DA:81,0
DA:87,0
DA:95,0
DA:96,0
DA:97,0
DA:99,0
DA:100,0
DA:101,0
DA:109,0
DA:110,0
DA:114,0
DA:115,0
DA:116,0
DA:118,0
DA:121,0
DA:126,0
DA:127,0
DA:132,7
DA:133,2
DA:134,2
DA:136,2
DA:137,0
DA:143,2
DA:145,2
DA:146,0
DA:148,2
DA:150,2
DA:151,2
DA:153,2
DA:154,2
DA:157,2
DA:165,2
DA:166,2
DA:167,0
DA:171,2
DA:172,2
DA:177,2
DA:178,2
DA:179,2
DA:180,2
DA:181,2
DA:184,2
DA:188,2
DA:189,1
DA:190,1
DA:193,2
DA:197,2
DA:198,0
DA:199,0
DA:202,2
DA:203,2
DA:204,2
DA:206,2
DA:207,1
DA:209,1
DA:210,0
DA:212,1
DA:213,0
DA:216,1
DA:227,1
DA:228,1
DA:229,1
DA:231,1
DA:232,1
DA:238,1
DA:239,1
DA:242,1
DA:243,1
DA:244,1
DA:245,1
DA:246,1
DA:250,1
DA:251,1
DA:253,0
DA:256,2
DA:261,7
DA:262,0
DA:263,0
DA:265,0
DA:266,0
DA:269,0
DA:271,0
DA:272,0
DA:275,0
DA:276,0
DA:278,0
DA:279,0
DA:281,0
DA:282,0
DA:283,0
DA:286,0
DA:287,0
DA:288,0
DA:290,0
DA:292,0
DA:293,0
DA:294,0
DA:298,0
DA:317,0
DA:318,0
DA:319,0
DA:321,0
DA:322,0
DA:328,0
DA:329,0
DA:332,0
DA:333,0
DA:336,0
DA:337,0
DA:338,0
DA:339,0
DA:341,0
DA:344,0
DA:349,7
DA:351,2
DA:353,2
DA:354,2
DA:356,2
DA:357,0
DA:360,2
DA:362,2
DA:363,0
DA:366,2
DA:367,2
DA:369,2
DA:370,2
DA:373,2
DA:374,2
DA:375,0
DA:379,2
DA:380,2
DA:381,0
DA:383,2
DA:386,2
DA:387,2
DA:388,1
DA:392,1
DA:411,1
DA:412,1
DA:413,1
DA:415,1
DA:416,0
DA:422,1
DA:423,1
DA:426,1
DA:427,1
DA:430,1
DA:431,0
DA:432,1
DA:434,1
DA:436,0
DA:439,2
DA:444,7
DA:445,1
DA:446,1
DA:447,1
DA:449,1
DA:450,0
DA:453,1
DA:454,1
DA:456,1
DA:457,1
DA:459,1
DA:464,1
DA:466,1
DA:467,0
DA:468,0
DA:471,1
DA:473,1
DA:474,1
DA:475,1
DA:477,1
DA:478,0
DA:484,1
DA:486,1
DA:488,1
DA:489,1
DA:490,1
DA:492,1
DA:493,1
DA:494,0
DA:499,1
DA:502,0
DA:503,0
DA:504,0
DA:506,1
DA:510,7
LF:226
LH:140
BRDA:23,0,0,4
BRDA:23,0,1,2
BRDA:36,1,0,1
BRDA:36,1,1,0
BRDA:46,2,0,1
BRDA:46,2,1,0
BRDA:55,3,0,1
BRDA:55,3,1,0
BRDA:68,4,0,0
BRDA:68,4,1,0
BRDA:70,5,0,0
BRDA:70,5,1,0
BRDA:100,6,0,0
BRDA:100,6,1,0
BRDA:106,7,0,0
BRDA:106,7,1,0
BRDA:109,8,0,0
BRDA:109,8,1,0
BRDA:115,9,0,0
BRDA:115,9,1,0
BRDA:133,10,0,2
BRDA:133,10,1,0
BRDA:134,11,0,2
BRDA:134,11,1,0
BRDA:136,12,0,0
BRDA:136,12,1,2
BRDA:136,13,0,2
BRDA:136,13,1,2
BRDA:145,14,0,0
BRDA:145,14,1,2
BRDA:150,15,0,2
BRDA:150,15,1,0
BRDA:166,16,0,0
BRDA:166,16,1,2
BRDA:166,17,0,2
BRDA:166,17,1,2
BRDA:171,18,0,2
BRDA:171,18,1,0
BRDA:178,19,0,2
BRDA:178,19,1,0
BRDA:202,20,0,2
BRDA:202,20,1,1
BRDA:202,21,0,2
BRDA:202,21,1,2
BRDA:203,22,0,2
BRDA:203,22,1,2
BRDA:203,23,0,2
BRDA:203,23,1,2
BRDA:204,24,0,2
BRDA:204,24,1,2
BRDA:204,25,0,2
BRDA:204,25,1,2
BRDA:206,26,0,1
BRDA:206,26,1,1
BRDA:206,27,0,2
BRDA:206,27,1,2
BRDA:209,28,0,0
BRDA:209,28,1,1
BRDA:209,29,0,1
BRDA:209,29,1,0
BRDA:212,30,0,0
BRDA:212,30,1,1
BRDA:212,31,0,1
BRDA:212,31,1,0
BRDA:222,32,0,1
BRDA:222,32,1,1
BRDA:222,33,0,1
BRDA:222,33,1,1
BRDA:222,34,0,1
BRDA:222,34,1,1
BRDA:223,35,0,1
BRDA:223,35,1,0
BRDA:223,36,0,1
BRDA:223,36,1,0
BRDA:223,37,0,1
BRDA:223,37,1,0
BRDA:244,38,0,1
BRDA:244,38,1,0
BRDA:246,39,0,0
BRDA:246,39,1,1
BRDA:250,40,0,1
BRDA:250,40,1,0
BRDA:250,41,0,1
BRDA:250,41,1,1
BRDA:253,42,0,0
BRDA:253,42,1,0
BRDA:262,43,0,0
BRDA:262,43,1,0
BRDA:263,44,0,0
BRDA:263,44,1,0
BRDA:265,45,0,0
BRDA:265,45,1,0
BRDA:265,46,0,0
BRDA:265,46,1,0
BRDA:271,47,0,0
BRDA:271,47,1,0
BRDA:271,48,0,0
BRDA:271,48,1,0
BRDA:275,49,0,0
BRDA:275,49,1,0
BRDA:282,50,0,0
BRDA:282,50,1,0
BRDA:287,51,0,0
BRDA:287,51,1,0
BRDA:293,52,0,0
BRDA:293,52,1,0
BRDA:318,53,0,0
BRDA:318,53,1,0
BRDA:336,54,0,0
BRDA:336,54,1,0
BRDA:338,55,0,0
BRDA:338,55,1,0
BRDA:341,56,0,0
BRDA:341,56,1,0
BRDA:353,57,0,2
BRDA:353,57,1,0
BRDA:354,58,0,2
BRDA:354,58,1,0
BRDA:356,59,0,0
BRDA:356,59,1,2
BRDA:356,60,0,2
BRDA:356,60,1,2
BRDA:362,61,0,0
BRDA:362,61,1,2
BRDA:362,62,0,2
BRDA:362,62,1,2
BRDA:366,63,0,2
BRDA:366,63,1,0
BRDA:374,64,0,0
BRDA:374,64,1,2
BRDA:380,65,0,0
BRDA:380,65,1,2
BRDA:387,66,0,1
BRDA:387,66,1,1
BRDA:403,67,0,1
BRDA:403,67,1,0
BRDA:404,68,0,1
BRDA:404,68,1,1
BRDA:412,69,0,1
BRDA:412,69,1,0
BRDA:430,70,0,0
BRDA:430,70,1,1
BRDA:432,71,0,1
BRDA:432,71,1,0
BRDA:436,72,0,0
BRDA:436,72,1,0
BRDA:445,73,0,1
BRDA:445,73,1,0
BRDA:446,74,0,1
BRDA:446,74,1,0
BRDA:449,75,0,0
BRDA:449,75,1,1
BRDA:453,76,0,1
BRDA:453,76,1,0
BRDA:466,77,0,0
BRDA:466,77,1,1
BRDA:474,78,0,1
BRDA:474,78,1,1
BRDA:488,79,0,1
BRDA:488,79,1,0
BRDA:493,80,0,0
BRDA:493,80,1,1
BRF:162
BRH:79
end_of_record
TN:
SF:routes\vehicleAdmin.js
FN:7,(anonymous_0)
FN:32,(anonymous_1)
FN:46,(anonymous_2)
FN:172,(anonymous_3)
FN:224,(anonymous_4)
FN:242,(anonymous_5)
FN:270,(anonymous_6)
FNF:7
FNH:3
FNDA:0,(anonymous_0)
FNDA:0,(anonymous_1)
FNDA:2,(anonymous_2)
FNDA:2,(anonymous_3)
FNDA:0,(anonymous_4)
FNDA:0,(anonymous_5)
FNDA:2,(anonymous_6)
DA:1,6
DA:2,6
DA:3,6
DA:4,6
DA:7,6
DA:8,0
DA:9,0
DA:10,0
DA:13,0
DA:14,0
DA:15,0
DA:18,0
DA:19,0
DA:23,0
DA:24,0
DA:26,0
DA:27,0
DA:32,6
DA:33,0
DA:34,0
DA:37,0
DA:38,0
DA:40,0
DA:41,0
DA:46,6
DA:47,2
DA:48,2
DA:49,0
DA:51,2
DA:52,2
DA:53,2
DA:55,2
DA:56,2
DA:58,2
DA:59,2
DA:60,0
DA:61,0
DA:63,2
DA:67,2
DA:69,2
DA:71,2
DA:74,2
DA:75,2
DA:76,2
DA:77,2
DA:78,2
DA:79,0
DA:80,0
DA:84,2
DA:88,2
DA:91,2
DA:92,1
DA:93,1
DA:100,1
DA:101,1
DA:102,1
DA:103,1
DA:104,1
DA:105,0
DA:106,0
DA:109,1
DA:110,1
DA:111,1
DA:112,1
DA:114,0
DA:119,1
DA:126,1
DA:127,1
DA:130,1
DA:131,1
DA:136,1
DA:138,0
DA:139,0
DA:140,0
DA:145,0
DA:147,0
DA:148,0
DA:149,0
DA:152,1
DA:153,1
DA:159,1
DA:160,1
DA:163,0
DA:164,0
DA:165,0
DA:167,2
DA:172,6
DA:173,2
DA:174,2
DA:175,0
DA:177,2
DA:178,2
DA:180,2
DA:181,1
DA:184,1
DA:185,1
DA:187,1
DA:188,1
DA:190,1
DA:191,1
DA:192,0
DA:193,0
DA:195,1
DA:197,1
DA:203,1
DA:204,1
DA:206,1
DA:211,1
DA:212,1
DA:215,0
DA:216,0
DA:217,0
DA:219,1
DA:224,6
DA:225,0
DA:226,0
DA:227,0
DA:230,0
DA:231,0
DA:232,0
DA:234,0
DA:236,0
DA:237,0
DA:242,6
DA:243,0
DA:244,0
DA:246,0
DA:247,0
DA:250,0
DA:251,0
DA:259,0
DA:260,0
DA:262,0
DA:264,0
DA:265,0
DA:270,6
DA:271,2
DA:272,2
DA:274,2
DA:275,0
DA:278,2
DA:279,2
DA:280,2
DA:281,0
DA:283,2
DA:285,2
DA:286,0
DA:290,2
DA:292,2
DA:293,2
DA:296,2
DA:297,2
DA:298,2
DA:299,2
DA:300,2
DA:301,0
DA:302,0
DA:306,2
DA:310,2
DA:313,2
DA:314,1
DA:321,1
DA:326,1
DA:328,0
DA:329,0
DA:333,6
LF:166
LH:97
BRDA:9,0,0,0
BRDA:9,0,1,0
BRDA:9,1,0,0
BRDA:9,1,1,0
BRDA:14,2,0,0
BRDA:14,2,1,0
BRDA:48,3,0,0
BRDA:48,3,1,2
BRDA:48,4,0,2
BRDA:48,4,1,2
BRDA:52,5,0,2
BRDA:52,5,1,0
BRDA:59,6,0,0
BRDA:59,6,1,2
BRDA:67,7,0,2
BRDA:67,7,1,0
BRDA:71,8,0,2
BRDA:71,8,1,0
BRDA:76,9,0,2
BRDA:76,9,1,0
BRDA:78,10,0,2
BRDA:78,10,1,0
BRDA:79,11,0,0
BRDA:79,11,1,0
BRDA:80,12,0,0
BRDA:80,12,1,0
BRDA:91,13,0,1
BRDA:91,13,1,1
BRDA:101,14,0,1
BRDA:101,14,1,0
BRDA:101,15,0,1
BRDA:101,15,1,0
BRDA:103,16,0,1
BRDA:103,16,1,0
BRDA:103,16,2,0
BRDA:109,17,0,1
BRDA:109,17,1,0
BRDA:111,18,0,1
BRDA:111,18,1,0
BRDA:130,19,0,1
BRDA:130,19,1,0
BRDA:136,20,0,1
BRDA:136,20,1,0
BRDA:138,21,0,0
BRDA:138,21,1,0
BRDA:138,22,0,0
BRDA:138,22,1,0
BRDA:145,23,0,0
BRDA:145,23,1,0
BRDA:147,24,0,0
BRDA:147,24,1,0
BRDA:147,25,0,0
BRDA:147,25,1,0
BRDA:149,26,0,0
BRDA:149,26,1,0
BRDA:152,27,0,1
BRDA:152,27,1,0
BRDA:165,28,0,0
BRDA:165,28,1,0
BRDA:174,29,0,0
BRDA:174,29,1,2
BRDA:174,30,0,2
BRDA:174,30,1,2
BRDA:180,31,0,1
BRDA:180,31,1,1
BRDA:180,32,0,2
BRDA:180,32,1,1
BRDA:184,33,0,1
BRDA:184,33,1,0
BRDA:191,34,0,0
BRDA:191,34,1,1
BRDA:203,35,0,1
BRDA:203,35,1,1
BRDA:217,36,0,0
BRDA:217,36,1,0
BRDA:231,37,0,0
BRDA:231,37,1,0
BRDA:246,38,0,0
BRDA:246,38,1,0
BRDA:246,39,0,0
BRDA:246,39,1,0
BRDA:246,39,2,0
BRDA:256,40,0,0
BRDA:256,40,1,0
BRDA:259,41,0,0
BRDA:259,41,1,0
BRDA:274,42,0,0
BRDA:274,42,1,2
BRDA:274,43,0,2
BRDA:274,43,1,2
BRDA:280,44,0,0
BRDA:280,44,1,2
BRDA:285,45,0,0
BRDA:285,45,1,2
BRDA:285,46,0,2
BRDA:285,46,1,2
BRDA:290,47,0,2
BRDA:290,47,1,0
BRDA:290,48,0,2
BRDA:290,48,1,2
BRDA:293,49,0,2
BRDA:293,49,1,0
BRDA:298,50,0,2
BRDA:298,50,1,0
BRDA:300,51,0,2
BRDA:300,51,1,0
BRDA:301,52,0,0
BRDA:301,52,1,0
BRDA:302,53,0,0
BRDA:302,53,1,0
BRDA:313,54,0,1
BRDA:313,54,1,1
BRF:112
BRH:45
end_of_record
TN:
SF:utils\billService.js
FN:8,generateBillsForMonth
FN:48,(anonymous_1)
FN:273,generateMoveInBill
FN:311,(anonymous_3)
FN:389,calculateMonthlyBill
FN:405,(anonymous_5)
FNF:6
FNH:6
FNDA:2,generateBillsForMonth
FNDA:1,(anonymous_1)
FNDA:2,generateMoveInBill
FNDA:1,(anonymous_3)
FNDA:3,calculateMonthlyBill
FNDA:2,(anonymous_5)
DA:1,1
DA:2,1
DA:9,2
DA:10,2
DA:11,2
DA:13,2
DA:14,2
DA:16,2
DA:17,2
DA:19,2
DA:20,2
DA:22,2
DA:23,2
DA:24,2
DA:27,2
DA:39,2
DA:40,1
DA:41,1
DA:42,1
DA:46,1
DA:47,1
DA:48,1
DA:49,1
DA:52,1
DA:54,1
DA:55,1
DA:57,1
DA:63,1
DA:64,1
DA:65,1
DA:68,0
DA:69,0
DA:72,0
DA:75,0
DA:76,0
DA:77,0
DA:79,0
DA:80,0
DA:81,0
DA:84,0
DA:85,0
DA:88,0
DA:92,0
DA:94,0
DA:95,0
DA:99,0
DA:103,0
DA:107,0
DA:108,0
DA:110,0
DA:111,0
DA:112,0
DA:113,0
DA:114,0
DA:115,0
DA:116,0
DA:117,0
DA:118,0
DA:121,0
DA:122,0
DA:123,0
DA:128,0
DA:135,0
DA:136,0
DA:137,0
DA:138,0
DA:139,0
DA:140,0
DA:141,0
DA:142,0
DA:143,0
DA:148,0
DA:157,0
DA:158,0
DA:159,0
DA:161,0
DA:163,0
DA:165,0
DA:166,0
DA:167,0
DA:168,0
DA:169,0
DA:170,0
DA:173,0
DA:174,0
DA:175,0
DA:176,0
DA:184,0
DA:194,0
DA:195,0
DA:196,0
DA:197,0
DA:198,0
DA:199,0
DA:200,0
DA:208,0
DA:213,0
DA:216,0
DA:217,0
DA:225,0
DA:226,0
DA:230,0
DA:231,0
DA:238,0
DA:239,0
DA:245,0
DA:246,0
DA:247,0
DA:249,0
DA:253,0
DA:254,0
DA:257,1
DA:258,1
DA:259,1
DA:261,0
DA:262,0
DA:263,0
DA:265,2
DA:274,2
DA:276,2
DA:277,2
DA:278,2
DA:279,2
DA:282,2
DA:288,2
DA:289,1
DA:290,1
DA:293,1
DA:296,1
DA:299,1
DA:302,1
DA:305,1
DA:306,1
DA:309,1
DA:310,1
DA:311,1
DA:313,1
DA:314,1
DA:317,1
DA:318,1
DA:319,1
DA:321,1
DA:322,1
DA:323,1
DA:325,0
DA:326,0
DA:329,1
DA:330,1
DA:332,1
DA:333,1
DA:340,1
DA:341,0
DA:342,0
DA:343,0
DA:344,0
DA:350,1
DA:352,1
DA:353,1
DA:355,1
DA:360,1
DA:362,1
DA:363,1
DA:371,1
DA:372,1
DA:378,1
DA:392,3
DA:393,3
DA:394,3
DA:395,3
DA:398,3
DA:401,3
DA:404,3
DA:405,3
DA:407,2
DA:408,2
DA:412,3
DA:415,3
DA:423,1
LF:178
LH:88
BRDA:10,0,0,2
BRDA:10,0,1,0
BRDA:19,1,0,0
BRDA:19,1,1,2
BRDA:20,2,0,0
BRDA:20,2,1,2
BRDA:39,3,0,1
BRDA:39,3,1,1
BRDA:63,4,0,1
BRDA:63,4,1,0
BRDA:72,5,0,0
BRDA:72,5,1,0
BRDA:75,6,0,0
BRDA:75,6,1,0
BRDA:79,7,0,0
BRDA:79,7,1,0
BRDA:94,8,0,0
BRDA:94,8,1,0
BRDA:110,9,0,0
BRDA:110,9,1,0
BRDA:110,10,0,0
BRDA:110,10,1,0
BRDA:113,11,0,0
BRDA:113,11,1,0
BRDA:113,12,0,0
BRDA:113,12,1,0
BRDA:116,13,0,0
BRDA:116,13,1,0
BRDA:116,14,0,0
BRDA:116,14,1,0
BRDA:121,15,0,0
BRDA:121,15,1,0
BRDA:138,16,0,0
BRDA:138,16,1,0
BRDA:141,17,0,0
BRDA:141,17,1,0
BRDA:161,18,0,0
BRDA:161,18,1,0
BRDA:161,19,0,0
BRDA:161,19,1,0
BRDA:165,20,0,0
BRDA:165,20,1,0
BRDA:165,21,0,0
BRDA:165,21,1,0
BRDA:167,22,0,0
BRDA:167,22,1,0
BRDA:167,23,0,0
BRDA:167,23,1,0
BRDA:169,24,0,0
BRDA:169,24,1,0
BRDA:169,25,0,0
BRDA:169,25,1,0
BRDA:173,26,0,0
BRDA:173,26,1,0
BRDA:196,27,0,0
BRDA:196,27,1,0
BRDA:225,28,0,0
BRDA:225,28,1,0
BRDA:238,29,0,0
BRDA:238,29,1,0
BRDA:238,30,0,0
BRDA:238,30,1,0
BRDA:288,31,0,1
BRDA:288,31,1,1
BRDA:302,32,0,0
BRDA:302,32,1,1
BRDA:306,33,0,1
BRDA:306,33,1,0
BRDA:317,34,0,1
BRDA:317,34,1,0
BRDA:321,35,0,1
BRDA:321,35,1,0
BRDA:340,36,0,0
BRDA:340,36,1,1
BRDA:350,37,0,1
BRDA:350,37,1,0
BRDA:389,38,0,0
BRDA:389,39,0,0
BRDA:392,40,0,3
BRDA:392,40,1,1
BRDA:393,41,0,3
BRDA:393,41,1,1
BRDA:394,42,0,3
BRDA:394,42,1,1
BRDA:395,43,0,3
BRDA:395,43,1,1
BRDA:398,44,0,2
BRDA:398,44,1,1
BRDA:407,45,0,2
BRDA:407,45,1,0
BRF:90
BRH:25
end_of_record
TN:
SF:utils\mailer.js
FN:15,(anonymous_0)
FN:41,(anonymous_1)
FN:76,(anonymous_2)
FNF:3
FNH:3
FNDA:2,(anonymous_0)
FNDA:2,(anonymous_1)
FNDA:2,(anonymous_2)
DA:2,2
DA:5,2
DA:15,2
DA:17,2
DA:19,2
DA:31,2
DA:32,2
DA:33,1
DA:35,1
DA:37,1
DA:41,2
DA:42,2
DA:44,2
DA:56,2
DA:57,2
DA:58,1
DA:60,1
DA:61,1
DA:76,2
DA:77,2
DA:80,2
DA:81,2
DA:83,2
DA:110,2
DA:111,2
DA:112,1
DA:114,1
DA:116,1
DA:122,2
LF:29
LH:29
BRF:0
BRH:0
end_of_record
TN:
SF:utils\penaltyService.js
FN:11,applyLateFees
FN:179,notifyAdminOverdueBills
FN:183,(anonymous_2)
FNF:3
FNH:3
FNDA:4,applyLateFees
FNDA:1,notifyAdminOverdueBills
FNDA:9,(anonymous_2)
DA:2,1
DA:12,4
DA:13,4
DA:14,4
DA:16,4
DA:17,4
DA:20,4
DA:21,3
DA:22,3
DA:23,3
DA:25,0
DA:32,3
DA:40,3
DA:41,1
DA:42,1
DA:44,1
DA:47,1
DA:55,1
DA:56,1
DA:64,1
DA:65,1
DA:76,3
DA:83,3
DA:84,1
DA:85,1
DA:87,1
DA:90,1
DA:98,1
DA:99,1
DA:107,1
DA:108,1
DA:119,3
DA:127,3
DA:128,1
DA:131,1
DA:133,1
DA:135,1
DA:141,1
DA:147,1
DA:148,1
DA:154,1
DA:155,1
DA:156,1
DA:164,3
DA:165,3
DA:168,1
DA:169,1
DA:171,4
DA:181,1
DA:183,1
DA:185,9
DA:186,2
DA:190,7
DA:192,7
DA:193,3
DA:194,4
DA:195,2
DA:197,2
DA:201,7
DA:203,1
LF:60
LH:59
BRDA:13,0,0,4
BRDA:13,0,1,0
BRDA:22,1,0,3
BRDA:22,1,1,0
BRDA:40,2,0,1
BRDA:40,2,1,2
BRDA:55,3,0,1
BRDA:55,3,1,0
BRDA:83,4,0,1
BRDA:83,4,1,2
BRDA:98,5,0,1
BRDA:98,5,1,0
BRDA:127,6,0,1
BRDA:127,6,1,2
BRDA:185,7,0,2
BRDA:185,7,1,7
BRDA:185,8,0,9
BRDA:185,8,1,8
BRDA:192,9,0,3
BRDA:192,9,1,4
BRDA:194,10,0,2
BRDA:194,10,1,2
BRF:22
BRH:18
end_of_record
TN:
SF:utils\validationUtils.js
FN:7,(anonymous_0)
FN:18,(anonymous_1)
FN:28,(anonymous_2)
FNF:3
FNH:3
FNDA:11,(anonymous_0)
FNDA:9,(anonymous_1)
FNDA:12,(anonymous_2)
DA:7,1
DA:8,11
DA:10,8
DA:11,8
DA:18,1
DA:19,9
DA:20,6
DA:21,3
DA:28,1
DA:29,12
DA:31,9
DA:32,9
DA:35,1
LF:13
LH:13
BRDA:8,0,0,3
BRDA:8,0,1,8
BRDA:19,1,0,3
BRDA:19,1,1,6
BRDA:20,2,0,3
BRDA:20,2,1,3
BRDA:29,3,0,3
BRDA:29,3,1,9
BRF:8
BRH:8
end_of_record
